2021-01-27 06:38:40+00:00 [app.ts] Starting app...
2021-01-27 06:38:41+00:00 App is listening on port 3001
2021-01-27 06:38:51+00:00 [app.ts] Starting app...
2021-01-27 06:38:51+00:00 App is listening on port 3001
2021-01-27 06:44:53+00:00 [error-handler] [7dd8d374-d30a-4448-9a0f-52e02e1f9fe3] Response error: 400 - Peticion malformada
2021-01-27 06:45:46+00:00 [error-handler] [c3cb8f82-5d61-47d1-bbbd-ea72750aa621] Response error: 500 - Error al contactar con watson assistant
2021-01-27 06:49:25+00:00 [app.ts] Starting app...
2021-01-27 06:49:25+00:00 App is listening on port 3001
2021-01-27 06:56:19+00:00 [app.ts] Starting app...
2021-01-27 06:56:19+00:00 App is listening on port 3001
2021-01-27 06:56:25+00:00 [app.ts] Starting app...
2021-01-27 06:56:25+00:00 App is listening on port 3001
2021-01-27 06:57:44+00:00 [app.ts] Starting app...
2021-01-27 06:57:44+00:00 App is listening on port 3001
2021-01-27 06:58:30+00:00 [app.ts] Starting app...
2021-01-27 06:58:30+00:00 App is listening on port 3001
2021-01-27 06:58:48+00:00 [app.ts] Starting app...
2021-01-27 06:58:48+00:00 App is listening on port 3001
2021-01-27 06:59:03+00:00 [app.ts] Starting app...
2021-01-27 06:59:03+00:00 App is listening on port 3001
2021-01-27 06:59:21+00:00 [app.ts] Starting app...
2021-01-27 06:59:21+00:00 App is listening on port 3001
2021-01-27 06:59:39+00:00 [app.ts] Starting app...
2021-01-27 06:59:39+00:00 App is listening on port 3001
2021-01-27 07:00:40+00:00 [app.ts] Starting app...
2021-01-27 07:00:40+00:00 App is listening on port 3001
2021-01-27 07:04:56+00:00 [app.ts] Starting app...
2021-01-27 07:04:56+00:00 App is listening on port 3001
2021-01-27 07:11:26+00:00 [app.ts] Starting app...
2021-01-27 07:11:26+00:00 App is listening on port 3001
2021-01-27 07:12:15+00:00 [error-handler] [1bbdf4f7-69e4-4e33-ac44-de654d81f4dd] Response error: 500 - Error al contactar con watson assistant
2021-01-27 07:12:58+00:00 [app.ts] Starting app...
2021-01-27 07:12:58+00:00 App is listening on port 3001
2021-01-27 07:13:05+00:00 [error-handler] [4abae74e-0fb5-4edd-b703-2770a364c552] Response error: 500 - Error al contactar con watson assistant
