2021-01-30 12:11:32+00:00 [app.ts] connect ECONNREFUSED 127.0.0.1:5432
2021-01-30 12:11:40+00:00 [app.ts] connect ECONNREFUSED 127.0.0.1:5432
2021-01-30 12:12:05+00:00 [app.ts] Cannot use import statement outside a module
2021-01-30 12:12:38+00:00 [app.ts] Cannot use import statement outside a module
2021-01-30 12:14:34+00:00 [app.ts] Starting app...
2021-01-30 12:14:34+00:00 App is listening on port 3001
2021-01-30 12:15:25+00:00 [app.ts] Starting app...
2021-01-30 12:15:26+00:00 App is listening on port 3001
2021-01-30 12:15:40+00:00 [error-handler] [3cec51ef-770d-4310-a2bb-cb134f85c898] Response error: 500 - Error al contactar con watson assistant
2021-01-30 12:17:31+00:00 [app.ts] Starting app...
2021-01-30 12:17:31+00:00 App is listening on port 3001
2021-01-30 12:18:08+00:00 [app.ts] Starting app...
2021-01-30 12:18:08+00:00 App is listening on port 3001
2021-01-30 12:20:34+00:00 [app.ts] Starting app...
2021-01-30 12:20:34+00:00 App is listening on port 3001
2021-01-30 12:20:39+00:00 [app.ts] Starting app...
2021-01-30 12:20:39+00:00 App is listening on port 3001
2021-01-30 12:24:25+00:00 [app.ts] Starting app...
2021-01-30 12:24:25+00:00 App is listening on port 3001
2021-01-30 12:25:06+00:00 [app.ts] Starting app...
2021-01-30 12:25:06+00:00 App is listening on port 3001
2021-01-30 12:25:31+00:00 [app.ts] Starting app...
2021-01-30 12:25:31+00:00 App is listening on port 3001
2021-01-30 12:26:09+00:00 [app.ts] Starting app...
2021-01-30 12:26:09+00:00 App is listening on port 3001
2021-01-30 12:26:27+00:00 [app.ts] Starting app...
2021-01-30 12:26:27+00:00 App is listening on port 3001
2021-01-30 12:26:45+00:00 [app.ts] Starting app...
2021-01-30 12:26:45+00:00 App is listening on port 3001
2021-01-30 12:26:52+00:00 [app.ts] Starting app...
2021-01-30 12:26:52+00:00 App is listening on port 3001
2021-01-30 12:27:16+00:00 [app.ts] Starting app...
2021-01-30 12:27:16+00:00 App is listening on port 3001
2021-01-30 12:27:56+00:00 [app.ts] Starting app...
2021-01-30 12:27:56+00:00 App is listening on port 3001
2021-01-30 12:28:14+00:00 [app.ts] Starting app...
2021-01-30 12:28:14+00:00 App is listening on port 3001
2021-01-30 12:28:18+00:00 [app.ts] Starting app...
2021-01-30 12:28:18+00:00 App is listening on port 3001
2021-01-30 12:28:23+00:00 [error-handler] [558ea2df-bfe2-4b5e-a2e7-1225d101924c] Response error: 500 - Error al contactar con watson assistant
2021-01-30 12:28:36+00:00 [app.ts] Starting app...
2021-01-30 12:28:36+00:00 App is listening on port 3001
2021-01-30 12:28:54+00:00 [error-handler] [427986ef-8829-4212-9bd5-41716e333971] Response error: 500 - Error al contactar con watson assistant
2021-01-30 12:31:08+00:00 [app.ts] Starting app...
2021-01-30 12:31:08+00:00 App is listening on port 3001
2021-01-30 12:31:22+00:00 [app.ts] Starting app...
2021-01-30 12:31:22+00:00 App is listening on port 3001
2021-01-30 12:31:27+00:00 [app.ts] Starting app...
2021-01-30 12:31:27+00:00 App is listening on port 3001
2021-01-30 12:31:34+00:00 [error-handler] [5d315f85-567b-4dbf-9339-1868da161074] Response error: 500 - Error al contactar con watson assistant
2021-01-30 12:33:04+00:00 [app.ts] Starting app...
2021-01-30 12:33:04+00:00 App is listening on port 3001
2021-01-30 12:33:15+00:00 [app.ts] Starting app...
2021-01-30 12:33:15+00:00 App is listening on port 3001
2021-01-30 12:33:17+00:00 [error-handler] [51ea2911-7079-438d-a981-4d4daa25401c] Response error: 500 - Error al contactar con watson assistant
2021-01-30 12:33:35+00:00 [app.ts] Starting app...
2021-01-30 12:33:35+00:00 App is listening on port 3001
2021-01-30 12:33:37+00:00 [error-handler] [44170c8c-3730-4638-b4f4-0f0465112d61] Response error: 500 - Error al contactar con watson assistant
2021-01-30 12:34:42+00:00 [app.ts] Starting app...
2021-01-30 12:34:42+00:00 App is listening on port 3001
2021-01-30 12:34:45+00:00 [error-handler] [1160a868-319a-42c6-b944-2122010b9e9d] Response error: 500 - Error al contactar con watson assistant
2021-01-30 12:35:13+00:00 [app.ts] Starting app...
2021-01-30 12:35:13+00:00 App is listening on port 3001
2021-01-30 12:35:14+00:00 [error-handler] [bafd79d2-ba8b-41ed-a9d2-7287abb45b3e] Response error: 500 - Error al contactar con watson assistant
2021-01-30 12:35:53+00:00 [app.ts] Starting app...
2021-01-30 12:35:53+00:00 App is listening on port 3001
2021-01-30 12:35:55+00:00 [error-handler] [593ac248-49ce-488e-9947-100a7ae1331a] Response error: 500 - Error al contactar con watson assistant
2021-01-30 12:36:21+00:00 [app.ts] Starting app...
2021-01-30 12:36:21+00:00 App is listening on port 3001
2021-01-30 12:36:24+00:00 [error-handler] [35edfd0f-a9ee-4197-9266-8d1b9ecf0d0c] Response error: 500 - Error al contactar con watson assistant
2021-01-30 12:36:51+00:00 [app.ts] Starting app...
2021-01-30 12:36:51+00:00 App is listening on port 3001
2021-01-30 12:37:12+00:00 [app.ts] Starting app...
2021-01-30 12:37:12+00:00 App is listening on port 3001
2021-01-30 12:37:35+00:00 [app.ts] Starting app...
2021-01-30 12:37:35+00:00 App is listening on port 3001
2021-01-30 12:37:38+00:00 [app.ts] Starting app...
2021-01-30 12:37:38+00:00 App is listening on port 3001
2021-01-30 12:37:40+00:00 [error-handler] [cabce8a3-031a-4d5a-ba50-676621899f37] Response error: 500 - Cannot read property 'conversation_id' of undefined
2021-01-30 12:38:00+00:00 [app.ts] Starting app...
2021-01-30 12:38:00+00:00 App is listening on port 3001
2021-01-30 12:38:32+00:00 [app.ts] Starting app...
2021-01-30 12:38:32+00:00 App is listening on port 3001
2021-01-30 12:38:34+00:00 [app.ts] Starting app...
2021-01-30 12:38:34+00:00 App is listening on port 3001
2021-01-30 12:38:37+00:00 [error-handler] [d38a94fa-83f9-4889-82f5-bb8b5f14f49c] Response error: 500 - Cannot read property 'conversation_id' of undefined
2021-01-30 12:40:13+00:00 [app.ts] Starting app...
2021-01-30 12:40:13+00:00 App is listening on port 3001
2021-01-30 12:40:16+00:00 [error-handler] [e9287644-9ead-4063-9388-a66c902ea2e3] Response error: 500 - Cannot read property 'conversation_id' of undefined
2021-01-30 12:40:47+00:00 [app.ts] Starting app...
2021-01-30 12:40:47+00:00 App is listening on port 3001
2021-01-30 12:40:49+00:00 [error-handler] [2366ac98-fc7d-4c68-be01-173dd6c25209] Response error: 500 - Cannot read property 'conversation_id' of undefined
2021-01-30 12:41:12+00:00 [app.ts] Starting app...
2021-01-30 12:41:12+00:00 App is listening on port 3001
2021-01-30 12:42:17+00:00 [app.ts] Starting app...
2021-01-30 12:42:17+00:00 App is listening on port 3001
