2021-01-31 11:49:19+00:00 [app.ts] Starting app...
2021-01-31 11:49:19+00:00 App is listening on port 3001
2021-01-31 11:49:22+00:00 [app.ts] Starting app...
2021-01-31 11:49:22+00:00 App is listening on port 3001
2021-01-31 11:49:43+00:00 [app.ts] Starting app...
2021-01-31 11:49:43+00:00 App is listening on port 3001
2021-01-31 11:50:08+00:00 [app.ts] Starting app...
2021-01-31 11:50:08+00:00 App is listening on port 3001
2021-01-31 11:50:58+00:00 [app.ts] Starting app...
2021-01-31 11:50:58+00:00 App is listening on port 3001
2021-01-31 11:51:39+00:00 [app.ts] Starting app...
2021-01-31 11:51:39+00:00 App is listening on port 3001
2021-01-31 11:51:46+00:00 [app.ts] Starting app...
2021-01-31 11:51:46+00:00 App is listening on port 3001
2021-01-31 11:51:51+00:00 [app.ts] Starting app...
2021-01-31 11:51:51+00:00 App is listening on port 3001
2021-01-31 11:51:54+00:00 [app.ts] Starting app...
2021-01-31 11:51:54+00:00 App is listening on port 3001
2021-01-31 11:52:00+00:00 [app.ts] Starting app...
2021-01-31 11:52:00+00:00 App is listening on port 3001
2021-01-31 11:52:20+00:00 [app.ts] Starting app...
2021-01-31 11:52:20+00:00 App is listening on port 3001
2021-01-31 11:52:25+00:00 [app.ts] Starting app...
2021-01-31 11:52:26+00:00 App is listening on port 3001
2021-01-31 11:52:37+00:00 [app.ts] Starting app...
2021-01-31 11:52:37+00:00 App is listening on port 3001
2021-01-31 11:52:53+00:00 [app.ts] Starting app...
2021-01-31 11:52:53+00:00 App is listening on port 3001
2021-01-31 11:53:29+00:00 [app.ts] Starting app...
2021-01-31 11:53:29+00:00 App is listening on port 3001
2021-01-31 11:53:40+00:00 [app.ts] Starting app...
2021-01-31 11:53:40+00:00 App is listening on port 3001
2021-01-31 11:54:04+00:00 [app.ts] Starting app...
2021-01-31 11:54:04+00:00 App is listening on port 3001
2021-01-31 11:54:41+00:00 [app.ts] Starting app...
2021-01-31 11:54:41+00:00 App is listening on port 3001
2021-01-31 11:55:12+00:00 [app.ts] Starting app...
2021-01-31 11:55:12+00:00 App is listening on port 3001
2021-01-31 11:55:31+00:00 [app.ts] Starting app...
2021-01-31 11:55:31+00:00 App is listening on port 3001
2021-01-31 11:55:48+00:00 [app.ts] Starting app...
2021-01-31 11:55:48+00:00 App is listening on port 3001
2021-01-31 11:56:54+00:00 [app.ts] Starting app...
2021-01-31 11:56:54+00:00 App is listening on port 3001
2021-01-31 11:57:22+00:00 [app.ts] Starting app...
2021-01-31 11:57:23+00:00 App is listening on port 3001
2021-01-31 11:57:43+00:00 [app.ts] Starting app...
2021-01-31 11:57:43+00:00 App is listening on port 3001
2021-01-31 12:02:24+00:00 [app.ts] Starting app...
2021-01-31 12:02:24+00:00 App is listening on port 3001
2021-01-31 12:47:06+00:00 [app.ts] Cannot use import statement outside a module
2021-01-31 12:47:14+00:00 [app.ts] Starting app...
2021-01-31 12:47:14+00:00 App is listening on port 3001
2021-01-31 12:47:20+00:00 [error-handler] [7babe7ec-d501-4d2d-ba76-5e02c1745804] Response error: 400 - Peticion malformada
2021-01-31 12:47:51+00:00 [app.ts] Starting app...
2021-01-31 12:47:51+00:00 App is listening on port 3001
2021-01-31 12:48:43+00:00 [app.ts] Starting app...
2021-01-31 12:48:43+00:00 App is listening on port 3001
2021-01-31 12:49:04+00:00 [app.ts] Starting app...
2021-01-31 12:49:04+00:00 App is listening on port 3001
2021-01-31 12:49:10+00:00 [app.ts] Starting app...
2021-01-31 12:49:10+00:00 App is listening on port 3001
2021-01-31 12:49:14+00:00 [app.ts] Starting app...
2021-01-31 12:49:14+00:00 App is listening on port 3001
2021-01-31 12:49:34+00:00 [app.ts] Starting app...
2021-01-31 12:49:34+00:00 App is listening on port 3001
2021-01-31 12:50:00+00:00 [app.ts] Starting app...
2021-01-31 12:50:00+00:00 App is listening on port 3001
2021-01-31 12:50:36+00:00 [app.ts] Starting app...
2021-01-31 12:50:36+00:00 App is listening on port 3001
2021-01-31 12:50:59+00:00 [app.ts] Starting app...
2021-01-31 12:50:59+00:00 App is listening on port 3001
2021-01-31 12:51:46+00:00 [app.ts] Starting app...
2021-01-31 12:51:46+00:00 App is listening on port 3001
2021-01-31 12:52:32+00:00 [app.ts] Starting app...
2021-01-31 12:52:32+00:00 App is listening on port 3001
2021-01-31 12:52:47+00:00 [app.ts] Starting app...
2021-01-31 12:52:47+00:00 App is listening on port 3001
2021-01-31 12:53:06+00:00 [app.ts] Starting app...
2021-01-31 12:53:06+00:00 App is listening on port 3001
2021-01-31 12:53:21+00:00 [app.ts] Starting app...
2021-01-31 12:53:21+00:00 App is listening on port 3001
2021-01-31 12:53:59+00:00 [app.ts] Starting app...
2021-01-31 12:53:59+00:00 App is listening on port 3001
2021-01-31 12:54:11+00:00 [app.ts] Starting app...
2021-01-31 12:54:11+00:00 App is listening on port 3001
2021-01-31 12:54:48+00:00 [app.ts] Starting app...
2021-01-31 12:54:49+00:00 App is listening on port 3001
2021-01-31 12:54:52+00:00 [Action.ts] [de49795f-5659-4efb-8031-87d8a55ee693] Executing action
2021-01-31 12:54:52+00:00 [Action.ts] [de49795f-5659-4efb-8031-87d8a55ee693] Executing action
2021-01-31 12:54:52+00:00 [Action.ts] [de49795f-5659-4efb-8031-87d8a55ee693] Executing action
2021-01-31 12:54:52+00:00 [Action.ts] [de49795f-5659-4efb-8031-87d8a55ee693] Executing action
2021-01-31 12:54:53+00:00 [Action.ts] [de49795f-5659-4efb-8031-87d8a55ee693] Executing action
2021-01-31 12:54:53+00:00 [Action.ts] [de49795f-5659-4efb-8031-87d8a55ee693] Executing action
2021-01-31 12:54:53+00:00 [Action.ts] [de49795f-5659-4efb-8031-87d8a55ee693] Executing action
2021-01-31 12:54:53+00:00 [Action.ts] [de49795f-5659-4efb-8031-87d8a55ee693] Executing action
2021-01-31 12:54:53+00:00 [Action.ts] [de49795f-5659-4efb-8031-87d8a55ee693] Executing action
2021-01-31 12:54:54+00:00 [Action.ts] [de49795f-5659-4efb-8031-87d8a55ee693] Executing action
2021-01-31 12:54:54+00:00 [Action.ts] [de49795f-5659-4efb-8031-87d8a55ee693] Executing action
2021-01-31 01:00:16+00:00 [app.ts] Starting app...
2021-01-31 01:00:16+00:00 App is listening on port 3001
2021-01-31 01:00:20+00:00 [app.ts] Starting app...
2021-01-31 01:00:20+00:00 App is listening on port 3001
2021-01-31 01:00:25+00:00 [Action.ts] [9dcd8d60-2b25-4a39-8b2e-5a488b2eef36] Executing action
2021-01-31 01:00:25+00:00 [Action.ts] [9dcd8d60-2b25-4a39-8b2e-5a488b2eef36] Executing action
2021-01-31 01:00:25+00:00 [Action.ts] [9dcd8d60-2b25-4a39-8b2e-5a488b2eef36] Executing action
2021-01-31 01:00:25+00:00 [Action.ts] [9dcd8d60-2b25-4a39-8b2e-5a488b2eef36] Executing action
2021-01-31 01:00:25+00:00 [Action.ts] [9dcd8d60-2b25-4a39-8b2e-5a488b2eef36] Executing action
2021-01-31 01:00:26+00:00 [Action.ts] [9dcd8d60-2b25-4a39-8b2e-5a488b2eef36] Executing action
2021-01-31 01:00:26+00:00 [Action.ts] [9dcd8d60-2b25-4a39-8b2e-5a488b2eef36] Executing action
2021-01-31 01:00:26+00:00 [Action.ts] [9dcd8d60-2b25-4a39-8b2e-5a488b2eef36] Executing action
2021-01-31 01:00:26+00:00 [Action.ts] [9dcd8d60-2b25-4a39-8b2e-5a488b2eef36] Executing action
2021-01-31 01:00:26+00:00 [Action.ts] [9dcd8d60-2b25-4a39-8b2e-5a488b2eef36] Executing action
2021-01-31 01:00:26+00:00 [Action.ts] [9dcd8d60-2b25-4a39-8b2e-5a488b2eef36] Executing action
2021-01-31 01:02:01+00:00 [app.ts] Starting app...
2021-01-31 01:02:02+00:00 App is listening on port 3001
2021-01-31 01:02:05+00:00 [Action.ts] [2f28fa4f-845f-4a5c-a45a-680cebce3142] Executing action
2021-01-31 01:02:05+00:00 [Action.ts] [2f28fa4f-845f-4a5c-a45a-680cebce3142] Executing action
2021-01-31 01:02:06+00:00 [Action.ts] [2f28fa4f-845f-4a5c-a45a-680cebce3142] Executing action
2021-01-31 01:02:06+00:00 [Action.ts] [2f28fa4f-845f-4a5c-a45a-680cebce3142] Executing action
2021-01-31 01:02:06+00:00 [Action.ts] [2f28fa4f-845f-4a5c-a45a-680cebce3142] Executing action
2021-01-31 01:02:06+00:00 [Action.ts] [2f28fa4f-845f-4a5c-a45a-680cebce3142] Executing action
2021-01-31 01:02:06+00:00 [Action.ts] [2f28fa4f-845f-4a5c-a45a-680cebce3142] Executing action
2021-01-31 01:02:06+00:00 [Action.ts] [2f28fa4f-845f-4a5c-a45a-680cebce3142] Executing action
2021-01-31 01:02:07+00:00 [Action.ts] [2f28fa4f-845f-4a5c-a45a-680cebce3142] Executing action
2021-01-31 01:02:07+00:00 [Action.ts] [2f28fa4f-845f-4a5c-a45a-680cebce3142] Executing action
2021-01-31 01:02:07+00:00 [Action.ts] [2f28fa4f-845f-4a5c-a45a-680cebce3142] Executing action
2021-01-31 01:02:48+00:00 [app.ts] Starting app...
2021-01-31 01:02:48+00:00 App is listening on port 3001
2021-01-31 01:02:50+00:00 [Action.ts] [0eda2f54-5548-4077-96c2-778d7c576e22] Executing action
2021-01-31 01:02:50+00:00 [Action.ts] [0eda2f54-5548-4077-96c2-778d7c576e22] Executing action
2021-01-31 01:02:50+00:00 [Action.ts] [0eda2f54-5548-4077-96c2-778d7c576e22] Executing action
2021-01-31 01:02:50+00:00 [Action.ts] [0eda2f54-5548-4077-96c2-778d7c576e22] Executing action
2021-01-31 01:02:51+00:00 [Action.ts] [0eda2f54-5548-4077-96c2-778d7c576e22] Executing action
2021-01-31 01:02:51+00:00 [Action.ts] [0eda2f54-5548-4077-96c2-778d7c576e22] Executing action
2021-01-31 01:02:51+00:00 [Action.ts] [0eda2f54-5548-4077-96c2-778d7c576e22] Executing action
2021-01-31 01:02:51+00:00 [Action.ts] [0eda2f54-5548-4077-96c2-778d7c576e22] Executing action
2021-01-31 01:02:51+00:00 [Action.ts] [0eda2f54-5548-4077-96c2-778d7c576e22] Executing action
2021-01-31 01:02:51+00:00 [Action.ts] [0eda2f54-5548-4077-96c2-778d7c576e22] Executing action
2021-01-31 01:02:52+00:00 [Action.ts] [0eda2f54-5548-4077-96c2-778d7c576e22] Executing action
2021-01-31 01:03:31+00:00 [app.ts] Starting app...
2021-01-31 01:03:32+00:00 App is listening on port 3001
2021-01-31 01:03:37+00:00 [app.ts] Starting app...
2021-01-31 01:03:38+00:00 App is listening on port 3001
2021-01-31 01:03:39+00:00 [Action.ts] [8a36aef5-5d0b-47e4-b891-20a786b0b307] Executing action
2021-01-31 01:03:39+00:00 [Action.ts] [8a36aef5-5d0b-47e4-b891-20a786b0b307] Executing action
2021-01-31 01:03:39+00:00 [Action.ts] [8a36aef5-5d0b-47e4-b891-20a786b0b307] Executing action
2021-01-31 01:03:39+00:00 [Action.ts] [8a36aef5-5d0b-47e4-b891-20a786b0b307] Executing action
2021-01-31 01:03:39+00:00 [Action.ts] [8a36aef5-5d0b-47e4-b891-20a786b0b307] Executing action
2021-01-31 01:03:39+00:00 [Action.ts] [8a36aef5-5d0b-47e4-b891-20a786b0b307] Executing action
2021-01-31 01:03:40+00:00 [Action.ts] [8a36aef5-5d0b-47e4-b891-20a786b0b307] Executing action
2021-01-31 01:03:40+00:00 [Action.ts] [8a36aef5-5d0b-47e4-b891-20a786b0b307] Executing action
2021-01-31 01:03:40+00:00 [Action.ts] [8a36aef5-5d0b-47e4-b891-20a786b0b307] Executing action
2021-01-31 01:03:40+00:00 [Action.ts] [8a36aef5-5d0b-47e4-b891-20a786b0b307] Executing action
2021-01-31 01:03:40+00:00 [Action.ts] [8a36aef5-5d0b-47e4-b891-20a786b0b307] Executing action
2021-01-31 01:04:05+00:00 [app.ts] Starting app...
2021-01-31 01:04:06+00:00 App is listening on port 3001
2021-01-31 01:04:07+00:00 [Action.ts] [eb612abc-e3dc-4eef-bdd1-a6e57babbd29] Executing action
2021-01-31 01:04:08+00:00 [Action.ts] [eb612abc-e3dc-4eef-bdd1-a6e57babbd29] Executing action
2021-01-31 01:04:08+00:00 [Action.ts] [eb612abc-e3dc-4eef-bdd1-a6e57babbd29] Executing action
2021-01-31 01:04:08+00:00 [Action.ts] [eb612abc-e3dc-4eef-bdd1-a6e57babbd29] Executing action
2021-01-31 01:04:08+00:00 [Action.ts] [eb612abc-e3dc-4eef-bdd1-a6e57babbd29] Executing action
2021-01-31 01:04:08+00:00 [Action.ts] [eb612abc-e3dc-4eef-bdd1-a6e57babbd29] Executing action
2021-01-31 01:04:09+00:00 [Action.ts] [eb612abc-e3dc-4eef-bdd1-a6e57babbd29] Executing action
2021-01-31 01:04:09+00:00 [Action.ts] [eb612abc-e3dc-4eef-bdd1-a6e57babbd29] Executing action
2021-01-31 01:04:09+00:00 [Action.ts] [eb612abc-e3dc-4eef-bdd1-a6e57babbd29] Executing action
2021-01-31 01:04:09+00:00 [Action.ts] [eb612abc-e3dc-4eef-bdd1-a6e57babbd29] Executing action
2021-01-31 01:04:09+00:00 [Action.ts] [eb612abc-e3dc-4eef-bdd1-a6e57babbd29] Executing action
2021-01-31 06:24:16+00:00 [app.ts] Starting app...
2021-01-31 06:24:17+00:00 App is listening on port 3001
2021-01-31 06:24:21+00:00 [Action.ts] [dd1f0739-87b0-4434-a41c-deee3d96e853] Executing action
2021-01-31 06:24:21+00:00 [Action.ts] [dd1f0739-87b0-4434-a41c-deee3d96e853] Executing action
2021-01-31 06:24:21+00:00 [Action.ts] [dd1f0739-87b0-4434-a41c-deee3d96e853] Executing action
2021-01-31 06:24:21+00:00 [Action.ts] [dd1f0739-87b0-4434-a41c-deee3d96e853] Executing action
2021-01-31 06:24:22+00:00 [Action.ts] [dd1f0739-87b0-4434-a41c-deee3d96e853] Executing action
2021-01-31 06:24:22+00:00 [Action.ts] [dd1f0739-87b0-4434-a41c-deee3d96e853] Executing action
2021-01-31 06:24:22+00:00 [Action.ts] [dd1f0739-87b0-4434-a41c-deee3d96e853] Executing action
2021-01-31 06:24:22+00:00 [Action.ts] [dd1f0739-87b0-4434-a41c-deee3d96e853] Executing action
2021-01-31 06:24:22+00:00 [Action.ts] [dd1f0739-87b0-4434-a41c-deee3d96e853] Executing action
2021-01-31 06:24:23+00:00 [Action.ts] [dd1f0739-87b0-4434-a41c-deee3d96e853] Executing action
2021-01-31 06:24:23+00:00 [Action.ts] [dd1f0739-87b0-4434-a41c-deee3d96e853] Executing action
2021-01-31 06:25:07+00:00 [app.ts] Starting app...
2021-01-31 06:25:07+00:00 App is listening on port 3001
2021-01-31 06:25:12+00:00 [app.ts] Starting app...
2021-01-31 06:25:13+00:00 App is listening on port 3001
2021-01-31 06:25:15+00:00 [Action.ts] [6f07eb7a-b988-4724-8343-6f10236fd2b0] Executing action
2021-01-31 06:25:15+00:00 [Action.ts] [6f07eb7a-b988-4724-8343-6f10236fd2b0] Executing action
2021-01-31 06:25:15+00:00 [Action.ts] [6f07eb7a-b988-4724-8343-6f10236fd2b0] Executing action
2021-01-31 06:25:16+00:00 [Action.ts] [6f07eb7a-b988-4724-8343-6f10236fd2b0] Executing action
2021-01-31 06:25:16+00:00 [Action.ts] [6f07eb7a-b988-4724-8343-6f10236fd2b0] Executing action
2021-01-31 06:25:16+00:00 [Action.ts] [6f07eb7a-b988-4724-8343-6f10236fd2b0] Executing action
2021-01-31 06:25:16+00:00 [Action.ts] [6f07eb7a-b988-4724-8343-6f10236fd2b0] Executing action
2021-01-31 06:25:16+00:00 [Action.ts] [6f07eb7a-b988-4724-8343-6f10236fd2b0] Executing action
2021-01-31 06:25:17+00:00 [Action.ts] [6f07eb7a-b988-4724-8343-6f10236fd2b0] Executing action
2021-01-31 06:25:17+00:00 [Action.ts] [6f07eb7a-b988-4724-8343-6f10236fd2b0] Executing action
2021-01-31 06:25:17+00:00 [Action.ts] [6f07eb7a-b988-4724-8343-6f10236fd2b0] Executing action
2021-01-31 06:25:39+00:00 [app.ts] Starting app...
2021-01-31 06:25:53+00:00 [app.ts] Starting app...
2021-01-31 06:25:54+00:00 App is listening on port 3001
2021-01-31 06:25:56+00:00 [Action.ts] [dc772205-d264-47ff-b08c-4dd586b224c8] Executing action
2021-01-31 06:25:56+00:00 [Action.ts] [dc772205-d264-47ff-b08c-4dd586b224c8] Executing action
2021-01-31 06:25:57+00:00 [Action.ts] [dc772205-d264-47ff-b08c-4dd586b224c8] Executing action
2021-01-31 06:25:57+00:00 [Action.ts] [dc772205-d264-47ff-b08c-4dd586b224c8] Executing action
2021-01-31 06:25:57+00:00 [Action.ts] [dc772205-d264-47ff-b08c-4dd586b224c8] Executing action
2021-01-31 06:25:57+00:00 [Action.ts] [dc772205-d264-47ff-b08c-4dd586b224c8] Executing action
2021-01-31 06:25:57+00:00 [Action.ts] [dc772205-d264-47ff-b08c-4dd586b224c8] Executing action
2021-01-31 06:25:58+00:00 [Action.ts] [dc772205-d264-47ff-b08c-4dd586b224c8] Executing action
2021-01-31 06:25:58+00:00 [Action.ts] [dc772205-d264-47ff-b08c-4dd586b224c8] Executing action
2021-01-31 06:25:58+00:00 [Action.ts] [dc772205-d264-47ff-b08c-4dd586b224c8] Executing action
2021-01-31 06:25:58+00:00 [Action.ts] [dc772205-d264-47ff-b08c-4dd586b224c8] Executing action
2021-01-31 06:26:29+00:00 [app.ts] Starting app...
2021-01-31 06:26:30+00:00 App is listening on port 3001
2021-01-31 06:26:42+00:00 [app.ts] Starting app...
2021-01-31 06:26:43+00:00 App is listening on port 3001
2021-01-31 06:26:46+00:00 [Action.ts] [31b8c03e-f187-4d85-bb81-0f67729d1b11] Executing action
2021-01-31 06:26:47+00:00 [Action.ts] [31b8c03e-f187-4d85-bb81-0f67729d1b11] Executing action
2021-01-31 06:26:47+00:00 [Action.ts] [31b8c03e-f187-4d85-bb81-0f67729d1b11] Executing action
2021-01-31 06:26:47+00:00 [Action.ts] [31b8c03e-f187-4d85-bb81-0f67729d1b11] Executing action
2021-01-31 06:26:47+00:00 [Action.ts] [31b8c03e-f187-4d85-bb81-0f67729d1b11] Executing action
2021-01-31 06:26:47+00:00 [Action.ts] [31b8c03e-f187-4d85-bb81-0f67729d1b11] Executing action
2021-01-31 06:26:47+00:00 [Action.ts] [31b8c03e-f187-4d85-bb81-0f67729d1b11] Executing action
2021-01-31 06:26:48+00:00 [Action.ts] [31b8c03e-f187-4d85-bb81-0f67729d1b11] Executing action
2021-01-31 06:26:48+00:00 [Action.ts] [31b8c03e-f187-4d85-bb81-0f67729d1b11] Executing action
2021-01-31 06:26:48+00:00 [Action.ts] [31b8c03e-f187-4d85-bb81-0f67729d1b11] Executing action
2021-01-31 06:26:48+00:00 [Action.ts] [31b8c03e-f187-4d85-bb81-0f67729d1b11] Executing action
2021-01-31 06:27:17+00:00 [app.ts] Starting app...
2021-01-31 06:27:18+00:00 App is listening on port 3001
2021-01-31 06:27:44+00:00 [app.ts] Starting app...
2021-01-31 06:27:44+00:00 App is listening on port 3001
2021-01-31 06:27:46+00:00 [Action.ts] [da9317cf-3649-41fa-a5d1-dd0f9df9a62f] Executing action
2021-01-31 06:27:46+00:00 [Action.ts] [da9317cf-3649-41fa-a5d1-dd0f9df9a62f] Executing action
2021-01-31 06:27:46+00:00 [Action.ts] [da9317cf-3649-41fa-a5d1-dd0f9df9a62f] Executing action
2021-01-31 06:27:47+00:00 [Action.ts] [da9317cf-3649-41fa-a5d1-dd0f9df9a62f] Executing action
2021-01-31 06:27:47+00:00 [Action.ts] [da9317cf-3649-41fa-a5d1-dd0f9df9a62f] Executing action
2021-01-31 06:27:47+00:00 [Action.ts] [da9317cf-3649-41fa-a5d1-dd0f9df9a62f] Executing action
2021-01-31 06:27:47+00:00 [Action.ts] [da9317cf-3649-41fa-a5d1-dd0f9df9a62f] Executing action
2021-01-31 06:27:47+00:00 [Action.ts] [da9317cf-3649-41fa-a5d1-dd0f9df9a62f] Executing action
2021-01-31 06:27:47+00:00 [Action.ts] [da9317cf-3649-41fa-a5d1-dd0f9df9a62f] Executing action
2021-01-31 06:27:48+00:00 [Action.ts] [da9317cf-3649-41fa-a5d1-dd0f9df9a62f] Executing action
2021-01-31 06:27:48+00:00 [Action.ts] [da9317cf-3649-41fa-a5d1-dd0f9df9a62f] Executing action
2021-01-31 06:28:33+00:00 [app.ts] Starting app...
2021-01-31 06:28:34+00:00 App is listening on port 3001
2021-01-31 06:29:00+00:00 [app.ts] Starting app...
2021-01-31 06:29:01+00:00 App is listening on port 3001
2021-01-31 06:29:03+00:00 [Action.ts] [055b6dbf-4fe6-4770-aff6-5910c62d6acb] Executing action
2021-01-31 06:29:03+00:00 [Action.ts] [055b6dbf-4fe6-4770-aff6-5910c62d6acb] Executing action
2021-01-31 06:29:03+00:00 [Action.ts] [055b6dbf-4fe6-4770-aff6-5910c62d6acb] Executing action
2021-01-31 06:29:03+00:00 [Action.ts] [055b6dbf-4fe6-4770-aff6-5910c62d6acb] Executing action
2021-01-31 06:29:03+00:00 [Action.ts] [055b6dbf-4fe6-4770-aff6-5910c62d6acb] Executing action
2021-01-31 06:29:04+00:00 [Action.ts] [055b6dbf-4fe6-4770-aff6-5910c62d6acb] Executing action
2021-01-31 06:29:04+00:00 [Action.ts] [055b6dbf-4fe6-4770-aff6-5910c62d6acb] Executing action
2021-01-31 06:29:04+00:00 [Action.ts] [055b6dbf-4fe6-4770-aff6-5910c62d6acb] Executing action
2021-01-31 06:29:04+00:00 [Action.ts] [055b6dbf-4fe6-4770-aff6-5910c62d6acb] Executing action
2021-01-31 06:29:04+00:00 [Action.ts] [055b6dbf-4fe6-4770-aff6-5910c62d6acb] Executing action
2021-01-31 06:29:04+00:00 [Action.ts] [055b6dbf-4fe6-4770-aff6-5910c62d6acb] Executing action
2021-01-31 06:30:26+00:00 [app.ts] Starting app...
2021-01-31 06:30:27+00:00 App is listening on port 3001
2021-01-31 06:30:40+00:00 [app.ts] Starting app...
2021-01-31 06:30:40+00:00 App is listening on port 3001
2021-01-31 06:30:57+00:00 [app.ts] Starting app...
2021-01-31 06:30:58+00:00 App is listening on port 3001
2021-01-31 06:31:19+00:00 [app.ts] Starting app...
2021-01-31 06:31:19+00:00 App is listening on port 3001
2021-01-31 06:31:26+00:00 [app.ts] Starting app...
2021-01-31 06:31:26+00:00 App is listening on port 3001
2021-01-31 06:31:29+00:00 [app.ts] Starting app...
2021-01-31 06:31:30+00:00 App is listening on port 3001
2021-01-31 06:32:00+00:00 [app.ts] Starting app...
2021-01-31 06:32:01+00:00 App is listening on port 3001
2021-01-31 06:32:03+00:00 [error-handler] [b91c328f-8f29-4fd8-9b17-02da01c6f2c1] Response error: 500 - Cannot set property 'session_id' of undefined
2021-01-31 06:32:47+00:00 [app.ts] Starting app...
2021-01-31 06:32:48+00:00 App is listening on port 3001
2021-01-31 06:32:57+00:00 [app.ts] Starting app...
2021-01-31 06:32:58+00:00 App is listening on port 3001
2021-01-31 06:33:18+00:00 [app.ts] Starting app...
2021-01-31 06:33:18+00:00 App is listening on port 3001
2021-01-31 06:33:34+00:00 [app.ts] Starting app...
2021-01-31 06:33:34+00:00 App is listening on port 3001
2021-01-31 06:33:44+00:00 [app.ts] Starting app...
2021-01-31 06:33:44+00:00 App is listening on port 3001
2021-01-31 06:33:58+00:00 [app.ts] [d909d9b8-04b6-4326-b185-a043ee1a39a0] Missing required parameters: sessionId
2021-01-31 06:33:58+00:00 [app.ts] [d909d9b8-04b6-4326-b185-a043ee1a39a0] Error: Missing required parameters: sessionId
    at Object.getMissingParams (/Users/aragoncorregidor/Documents/pablo/UNIR/TFE/TFE/desarrollo/backend/node_modules/ibm-cloud-sdk-core/lib/helper.js:101:11)
    at AssistantV2.message (/Users/aragoncorregidor/Documents/pablo/UNIR/TFE/TFE/desarrollo/backend/node_modules/ibm-watson/assistant/v2.js:209:50)
    at Function.<anonymous> (/Users/aragoncorregidor/Documents/pablo/UNIR/TFE/TFE/desarrollo/backend/src/services/watson.service.ts:29:46)
    at step (/Users/aragoncorregidor/Documents/pablo/UNIR/TFE/TFE/desarrollo/backend/src/services/watson.service.ts:44:23)
    at Object.next (/Users/aragoncorregidor/Documents/pablo/UNIR/TFE/TFE/desarrollo/backend/src/services/watson.service.ts:25:53)
    at fulfilled (/Users/aragoncorregidor/Documents/pablo/UNIR/TFE/TFE/desarrollo/backend/src/services/watson.service.ts:16:58)
    at processTicksAndRejections (internal/process/task_queues.js:93:5)
2021-01-31 06:33:58+00:00 [error-handler] [d909d9b8-04b6-4326-b185-a043ee1a39a0] Response error: 500 - Error al contactar con watson assistant
2021-01-31 06:34:44+00:00 [app.ts] Starting app...
2021-01-31 06:34:44+00:00 App is listening on port 3001
2021-01-31 06:34:54+00:00 [app.ts] Starting app...
2021-01-31 06:34:55+00:00 App is listening on port 3001
2021-01-31 06:34:59+00:00 [app.ts] Starting app...
2021-01-31 06:34:59+00:00 App is listening on port 3001
2021-01-31 06:35:01+00:00 [app.ts] [972f349c-8bd9-48cf-8b18-332def1fc90f] Missing required parameters: sessionId
2021-01-31 06:35:01+00:00 [app.ts] [972f349c-8bd9-48cf-8b18-332def1fc90f] Error: Missing required parameters: sessionId
    at Object.getMissingParams (/Users/aragoncorregidor/Documents/pablo/UNIR/TFE/TFE/desarrollo/backend/node_modules/ibm-cloud-sdk-core/lib/helper.js:101:11)
    at AssistantV2.message (/Users/aragoncorregidor/Documents/pablo/UNIR/TFE/TFE/desarrollo/backend/node_modules/ibm-watson/assistant/v2.js:209:50)
    at Function.<anonymous> (/Users/aragoncorregidor/Documents/pablo/UNIR/TFE/TFE/desarrollo/backend/src/services/watson.service.ts:30:46)
    at step (/Users/aragoncorregidor/Documents/pablo/UNIR/TFE/TFE/desarrollo/backend/src/services/watson.service.ts:44:23)
    at Object.next (/Users/aragoncorregidor/Documents/pablo/UNIR/TFE/TFE/desarrollo/backend/src/services/watson.service.ts:25:53)
    at fulfilled (/Users/aragoncorregidor/Documents/pablo/UNIR/TFE/TFE/desarrollo/backend/src/services/watson.service.ts:16:58)
    at processTicksAndRejections (internal/process/task_queues.js:93:5)
2021-01-31 06:35:01+00:00 [error-handler] [972f349c-8bd9-48cf-8b18-332def1fc90f] Response error: 500 - Error al contactar con watson assistant
2021-01-31 06:35:23+00:00 [app.ts] Starting app...
2021-01-31 06:35:23+00:00 App is listening on port 3001
2021-01-31 06:38:20+00:00 [app.ts] Starting app...
2021-01-31 06:38:21+00:00 App is listening on port 3001
2021-01-31 06:38:22+00:00 [app.ts] [ba37d393-307b-4240-a4e9-c2c6cc3ef2a2] Missing required parameters: sessionId
2021-01-31 06:38:22+00:00 [app.ts] [ba37d393-307b-4240-a4e9-c2c6cc3ef2a2] Error: Missing required parameters: sessionId
    at Object.getMissingParams (/Users/aragoncorregidor/Documents/pablo/UNIR/TFE/TFE/desarrollo/backend/node_modules/ibm-cloud-sdk-core/lib/helper.js:101:11)
    at AssistantV2.message (/Users/aragoncorregidor/Documents/pablo/UNIR/TFE/TFE/desarrollo/backend/node_modules/ibm-watson/assistant/v2.js:209:50)
    at Function.<anonymous> (/Users/aragoncorregidor/Documents/pablo/UNIR/TFE/TFE/desarrollo/backend/src/services/watson.service.ts:31:46)
    at step (/Users/aragoncorregidor/Documents/pablo/UNIR/TFE/TFE/desarrollo/backend/src/services/watson.service.ts:44:23)
    at Object.next (/Users/aragoncorregidor/Documents/pablo/UNIR/TFE/TFE/desarrollo/backend/src/services/watson.service.ts:25:53)
    at fulfilled (/Users/aragoncorregidor/Documents/pablo/UNIR/TFE/TFE/desarrollo/backend/src/services/watson.service.ts:16:58)
    at processTicksAndRejections (internal/process/task_queues.js:93:5)
2021-01-31 06:38:22+00:00 [error-handler] [ba37d393-307b-4240-a4e9-c2c6cc3ef2a2] Response error: 500 - Error al contactar con watson assistant
2021-01-31 06:38:49+00:00 [app.ts] Starting app...
2021-01-31 06:38:50+00:00 App is listening on port 3001
2021-01-31 06:38:53+00:00 [Action.ts] [8dfed075-24d3-47f3-9337-8df80ddca8c0] Executing action
2021-01-31 06:38:53+00:00 [Action.ts] [8dfed075-24d3-47f3-9337-8df80ddca8c0] Executing action
2021-01-31 06:38:54+00:00 [Action.ts] [8dfed075-24d3-47f3-9337-8df80ddca8c0] Executing action
2021-01-31 06:38:54+00:00 [Action.ts] [8dfed075-24d3-47f3-9337-8df80ddca8c0] Executing action
2021-01-31 06:38:54+00:00 [Action.ts] [8dfed075-24d3-47f3-9337-8df80ddca8c0] Executing action
2021-01-31 06:38:54+00:00 [Action.ts] [8dfed075-24d3-47f3-9337-8df80ddca8c0] Executing action
2021-01-31 06:38:54+00:00 [Action.ts] [8dfed075-24d3-47f3-9337-8df80ddca8c0] Executing action
2021-01-31 06:38:55+00:00 [Action.ts] [8dfed075-24d3-47f3-9337-8df80ddca8c0] Executing action
2021-01-31 06:38:55+00:00 [Action.ts] [8dfed075-24d3-47f3-9337-8df80ddca8c0] Executing action
2021-01-31 06:38:55+00:00 [Action.ts] [8dfed075-24d3-47f3-9337-8df80ddca8c0] Executing action
2021-01-31 06:38:55+00:00 [Action.ts] [8dfed075-24d3-47f3-9337-8df80ddca8c0] Executing action
2021-01-31 06:39:25+00:00 [app.ts] Starting app...
2021-01-31 06:39:33+00:00 [app.ts] Starting app...
2021-01-31 06:39:34+00:00 App is listening on port 3001
2021-01-31 06:39:35+00:00 [Action.ts] [47d066a4-ebf2-4758-936a-da42aadaa1e5] Executing action
2021-01-31 06:39:36+00:00 [Action.ts] [47d066a4-ebf2-4758-936a-da42aadaa1e5] Executing action
2021-01-31 06:40:32+00:00 [app.ts] Starting app...
2021-01-31 06:40:33+00:00 App is listening on port 3001
2021-01-31 06:40:40+00:00 [app.ts] Starting app...
2021-01-31 06:40:41+00:00 App is listening on port 3001
2021-01-31 06:40:43+00:00 [Action.ts] [088ed419-52c6-465b-adb6-f6deb31ab97c] Executing action
2021-01-31 06:40:43+00:00 [app.ts] [088ed419-52c6-465b-adb6-f6deb31ab97c] Cannot read property 'actions' of undefined
2021-01-31 06:40:43+00:00 [app.ts] [088ed419-52c6-465b-adb6-f6deb31ab97c] TypeError: Cannot read property 'actions' of undefined
    at Function.WatsonService.parseResponse (/Users/aragoncorregidor/Documents/pablo/UNIR/TFE/TFE/desarrollo/backend/src/services/watson.service.ts:77:85)
    at Function.<anonymous> (/Users/aragoncorregidor/Documents/pablo/UNIR/TFE/TFE/desarrollo/backend/src/services/watson.service.ts:38:50)
    at step (/Users/aragoncorregidor/Documents/pablo/UNIR/TFE/TFE/desarrollo/backend/src/services/watson.service.ts:44:23)
    at Object.next (/Users/aragoncorregidor/Documents/pablo/UNIR/TFE/TFE/desarrollo/backend/src/services/watson.service.ts:25:53)
    at fulfilled (/Users/aragoncorregidor/Documents/pablo/UNIR/TFE/TFE/desarrollo/backend/src/services/watson.service.ts:16:58)
    at processTicksAndRejections (internal/process/task_queues.js:93:5)
2021-01-31 06:41:02+00:00 [app.ts] Starting app...
2021-01-31 06:41:03+00:00 App is listening on port 3001
2021-01-31 06:41:04+00:00 [Action.ts] [c1af9a46-2cb0-4e1d-8def-bb977e4de365] Executing action
2021-01-31 06:41:04+00:00 [app.ts] [c1af9a46-2cb0-4e1d-8def-bb977e4de365] Cannot read property 'actions' of undefined
2021-01-31 06:41:04+00:00 [app.ts] [c1af9a46-2cb0-4e1d-8def-bb977e4de365] TypeError: Cannot read property 'actions' of undefined
    at Function.WatsonService.parseResponse (/Users/aragoncorregidor/Documents/pablo/UNIR/TFE/TFE/desarrollo/backend/src/services/watson.service.ts:77:85)
    at Function.<anonymous> (/Users/aragoncorregidor/Documents/pablo/UNIR/TFE/TFE/desarrollo/backend/src/services/watson.service.ts:38:50)
    at step (/Users/aragoncorregidor/Documents/pablo/UNIR/TFE/TFE/desarrollo/backend/src/services/watson.service.ts:44:23)
    at Object.next (/Users/aragoncorregidor/Documents/pablo/UNIR/TFE/TFE/desarrollo/backend/src/services/watson.service.ts:25:53)
    at fulfilled (/Users/aragoncorregidor/Documents/pablo/UNIR/TFE/TFE/desarrollo/backend/src/services/watson.service.ts:16:58)
    at processTicksAndRejections (internal/process/task_queues.js:93:5)
2021-01-31 06:41:56+00:00 [app.ts] Starting app...
2021-01-31 06:41:57+00:00 App is listening on port 3001
2021-01-31 06:42:03+00:00 [app.ts] Starting app...
2021-01-31 06:42:04+00:00 App is listening on port 3001
2021-01-31 06:42:07+00:00 [Action.ts] [fe070863-0759-4050-b657-2f1672de3e6a] Executing action
2021-01-31 06:42:19+00:00 [app.ts] Starting app...
2021-01-31 06:42:19+00:00 App is listening on port 3001
2021-01-31 06:42:25+00:00 [app.ts] Starting app...
2021-01-31 06:42:26+00:00 App is listening on port 3001
2021-01-31 06:42:30+00:00 [app.ts] Starting app...
2021-01-31 06:42:31+00:00 App is listening on port 3001
2021-01-31 06:42:35+00:00 [Action.ts] [e086b95c-f0cd-4034-af4e-cfd5b9292781] Executing action
2021-01-31 06:43:00+00:00 [app.ts] Starting app...
2021-01-31 06:43:01+00:00 App is listening on port 3001
2021-01-31 06:43:02+00:00 [Action.ts] [00582d96-8eab-4453-830a-68a8702fcd9e] Executing action
2021-01-31 06:43:18+00:00 [app.ts] Starting app...
2021-01-31 06:43:19+00:00 App is listening on port 3001
2021-01-31 06:43:23+00:00 [app.ts] Starting app...
2021-01-31 06:43:23+00:00 App is listening on port 3001
2021-01-31 06:43:44+00:00 [app.ts] Starting app...
2021-01-31 06:43:44+00:00 App is listening on port 3001
2021-01-31 06:44:16+00:00 [Action.ts] [402d1b2b-902e-4d93-a780-164d958f8577] Executing action
2021-01-31 06:45:00+00:00 [app.ts] Starting app...
2021-01-31 06:45:00+00:00 App is listening on port 3001
2021-01-31 06:45:02+00:00 [Action.ts] [dee68989-b7a3-48c4-b958-92e3a7a75953] Executing action
2021-01-31 06:45:20+00:00 [app.ts] Starting app...
2021-01-31 06:45:21+00:00 App is listening on port 3001
2021-01-31 06:45:25+00:00 [Action.ts] [932d0b60-7fe2-4f3b-9104-b6de852b3efd] Executing action
2021-01-31 06:45:50+00:00 [app.ts] Starting app...
2021-01-31 06:45:51+00:00 App is listening on port 3001
2021-01-31 06:45:54+00:00 [Action.ts] [e5d711a5-9f2c-43e3-9610-c214897094ce] Executing action
2021-01-31 06:46:28+00:00 [app.ts] Starting app...
2021-01-31 06:46:29+00:00 App is listening on port 3001
2021-01-31 06:46:36+00:00 [Action.ts] [22a7da27-e179-43a4-aed6-7d211b86f367] Executing action
2021-01-31 06:47:01+00:00 [app.ts] Starting app...
2021-01-31 06:47:02+00:00 App is listening on port 3001
2021-01-31 06:47:18+00:00 [Action.ts] [8739bba6-af88-4af1-9479-8410bbb5adcc] Executing action
2021-01-31 06:47:24+00:00 [Action.ts] [68872911-0754-4624-b05a-c72d9f8436b6] Executing action
2021-01-31 06:47:52+00:00 [app.ts] Starting app...
2021-01-31 06:47:53+00:00 App is listening on port 3001
2021-01-31 06:47:55+00:00 [Action.ts] [73ac3cb2-bd7c-4f4f-9226-e822ced96503] Executing action
2021-01-31 06:48:09+00:00 [app.ts] Starting app...
2021-01-31 06:48:10+00:00 App is listening on port 3001
2021-01-31 06:48:11+00:00 [Action.ts] [4f2ac754-0051-47be-a544-dc190467d8d1] Executing action
2021-01-31 06:48:27+00:00 [app.ts] Starting app...
2021-01-31 06:48:27+00:00 App is listening on port 3001
2021-01-31 06:48:29+00:00 [Action.ts] [29436e2a-59e5-4138-a14f-672a898882a3] Executing action
2021-01-31 06:49:21+00:00 [app.ts] Starting app...
2021-01-31 06:49:22+00:00 App is listening on port 3001
2021-01-31 06:49:38+00:00 [app.ts] Starting app...
2021-01-31 06:49:38+00:00 App is listening on port 3001
2021-01-31 06:49:40+00:00 [Action.ts] [d58139db-802e-405c-9b93-e4fc20449417] Executing action
2021-01-31 06:49:53+00:00 [app.ts] Starting app...
2021-01-31 06:49:53+00:00 App is listening on port 3001
2021-01-31 06:49:54+00:00 [Action.ts] [5c2e09ce-b438-4d8d-9478-bd0561c367a9] Executing action
2021-01-31 06:50:02+00:00 [Action.ts] [ec0860a6-7830-4856-9c05-531e761c8eea] Executing action
2021-01-31 06:50:20+00:00 [app.ts] Starting app...
2021-01-31 06:50:21+00:00 App is listening on port 3001
2021-01-31 06:50:30+00:00 [app.ts] Starting app...
2021-01-31 06:50:31+00:00 App is listening on port 3001
2021-01-31 06:50:33+00:00 [Action.ts] [5f03b63a-c255-4b08-b905-4b067e57e249] Executing action
2021-01-31 06:50:53+00:00 [app.ts] Starting app...
2021-01-31 06:50:54+00:00 App is listening on port 3001
2021-01-31 06:50:55+00:00 [Action.ts] [2be9a8e1-8bdd-4b38-a1c0-cfc47e468c87] Executing action GetStudent
2021-01-31 06:51:12+00:00 [Action.ts] [9a233521-7453-4076-a26c-f28c26d010e2] Executing action GetStudent
2021-01-31 06:51:18+00:00 [Action.ts] [6083a2b0-17b6-48b5-9e22-b406fac25f6d] Executing action GetStudent
2021-01-31 06:51:57+00:00 [app.ts] Starting app...
2021-01-31 06:51:57+00:00 App is listening on port 3001
2021-01-31 06:51:59+00:00 [Action.ts] [f8ea90b9-4b9d-47fc-b9ba-11e1644f5a6b] Executing action GetStudent
2021-01-31 06:52:17+00:00 [app.ts] Starting app...
2021-01-31 06:52:18+00:00 App is listening on port 3001
2021-01-31 06:52:19+00:00 [Action.ts] [bc3f3142-f5c5-4feb-b5e0-f836afdc9496] Executing action GetStudent
2021-01-31 06:52:52+00:00 [app.ts] Starting app...
2021-01-31 06:52:53+00:00 App is listening on port 3001
2021-01-31 06:53:05+00:00 [app.ts] Starting app...
2021-01-31 06:53:06+00:00 App is listening on port 3001
2021-01-31 06:53:20+00:00 [app.ts] Starting app...
2021-01-31 06:53:20+00:00 App is listening on port 3001
2021-01-31 06:53:22+00:00 [Action.ts] [c09f454d-b13f-46bc-98a3-5dee41b62cff] Executing action GetStudent
2021-01-31 06:53:31+00:00 [app.ts] Starting app...
2021-01-31 06:53:32+00:00 App is listening on port 3001
2021-01-31 06:53:33+00:00 [Action.ts] [6fa8c28d-848d-4b3e-8075-88fc11b3dcc2] Executing action GetStudent
2021-01-31 06:54:01+00:00 [app.ts] Starting app...
2021-01-31 06:54:02+00:00 App is listening on port 3001
2021-01-31 06:54:05+00:00 [Action.ts] [df8d3052-5340-4a3e-957b-87b0fd21bb9d] Executing action GetStudent
2021-01-31 06:54:48+00:00 [app.ts] Starting app...
2021-01-31 06:54:49+00:00 App is listening on port 3001
2021-01-31 06:54:51+00:00 [Action.ts] [29fcb80d-0f33-4776-b754-c927280e6a19] Executing action GetStudent
2021-01-31 06:54:59+00:00 [app.ts] Starting app...
2021-01-31 06:55:00+00:00 App is listening on port 3001
2021-01-31 06:55:10+00:00 [app.ts] Starting app...
2021-01-31 06:55:11+00:00 App is listening on port 3001
2021-01-31 06:55:12+00:00 [Action.ts] [dcd51e11-1cb8-4fbf-bbe5-48cab6e0d480] Executing action GetStudent
2021-01-31 06:55:47+00:00 [app.ts] Starting app...
2021-01-31 06:55:47+00:00 App is listening on port 3001
2021-01-31 06:55:49+00:00 [Action.ts] [e1463fc3-ffbc-43c1-bbf2-40ffd04abd27] Executing action GetStudent
2021-01-31 06:56:02+00:00 [app.ts] Starting app...
2021-01-31 06:56:03+00:00 App is listening on port 3001
2021-01-31 06:56:05+00:00 [app.ts] Starting app...
2021-01-31 06:56:06+00:00 App is listening on port 3001
2021-01-31 06:56:18+00:00 [app.ts] Starting app...
2021-01-31 06:56:19+00:00 App is listening on port 3001
2021-01-31 06:56:20+00:00 [Action.ts] [93eab76b-5d00-40d6-b81f-a307dae65eed] Executing action GetStudent
2021-01-31 06:56:56+00:00 [app.ts] Starting app...
2021-01-31 06:56:57+00:00 App is listening on port 3001
2021-01-31 06:56:58+00:00 [Action.ts] [8e2351b4-cd19-4c52-ab77-87d563bfc81b] Executing action GetStudent
2021-01-31 06:57:06+00:00 [app.ts] Starting app...
2021-01-31 06:57:07+00:00 App is listening on port 3001
2021-01-31 06:57:09+00:00 [Action.ts] [b3d262ea-abcc-45d6-909c-fa49dc198d74] Executing action GetStudent
2021-01-31 07:04:31+00:00 [app.ts] Starting app...
2021-01-31 07:04:32+00:00 App is listening on port 3001
2021-01-31 07:04:39+00:00 [Action.ts] [d29cee82-814e-4be3-bdef-637e9d978bf1] Executing action GetStudent
2021-01-31 07:04:56+00:00 [Action.ts] [03fb7be5-b625-4887-a6f7-d06075bbe393] Executing action GetStudent
2021-01-31 07:05:19+00:00 [app.ts] Starting app...
2021-01-31 07:05:19+00:00 App is listening on port 3001
2021-01-31 07:05:22+00:00 [Action.ts] [d2142085-d036-4996-ad19-c3d20f8c5b99] Executing action GetStudent
2021-01-31 07:05:40+00:00 [app.ts] Starting app...
2021-01-31 07:05:41+00:00 App is listening on port 3001
2021-01-31 07:05:46+00:00 [app.ts] Starting app...
2021-01-31 07:05:46+00:00 App is listening on port 3001
2021-01-31 07:05:47+00:00 [Action.ts] [5f208866-3bb5-4b21-82f8-3ba5980392ac] Executing action GetStudent
2021-01-31 07:06:06+00:00 [app.ts] Starting app...
2021-01-31 07:06:07+00:00 App is listening on port 3001
2021-01-31 07:06:19+00:00 [app.ts] Starting app...
2021-01-31 07:06:20+00:00 App is listening on port 3001
2021-01-31 07:06:21+00:00 [Action.ts] [a7e0fa47-cad7-470c-801f-dedcedb64433] Executing action GetStudent
2021-01-31 07:07:02+00:00 [app.ts] Starting app...
2021-01-31 07:07:03+00:00 App is listening on port 3001
2021-01-31 07:07:06+00:00 [app.ts] Starting app...
2021-01-31 07:07:07+00:00 App is listening on port 3001
2021-01-31 07:07:08+00:00 [Action.ts] [4ddf7650-32eb-42a1-8e70-f1fa58f6266b] Executing action GetStudent
2021-01-31 07:07:27+00:00 [Action.ts] [343963f2-fcc5-4293-8a10-868076686aa1] Executing action GetStudent
2021-01-31 07:10:31+00:00 [Action.ts] [d72e901a-4685-4d95-a357-284c35097c71] Executing action GetStudent
2021-01-31 07:10:31+00:00 [Action.ts] [d72e901a-4685-4d95-a357-284c35097c71] Executing action GetStudent
2021-01-31 07:10:32+00:00 [Action.ts] [d72e901a-4685-4d95-a357-284c35097c71] Executing action GetStudent
2021-01-31 07:10:32+00:00 [Action.ts] [d72e901a-4685-4d95-a357-284c35097c71] Executing action GetStudent
2021-01-31 07:10:32+00:00 [Action.ts] [d72e901a-4685-4d95-a357-284c35097c71] Executing action GetStudent
2021-01-31 07:10:32+00:00 [Action.ts] [d72e901a-4685-4d95-a357-284c35097c71] Executing action GetStudent
2021-01-31 07:10:32+00:00 [Action.ts] [d72e901a-4685-4d95-a357-284c35097c71] Executing action GetStudent
2021-01-31 07:10:32+00:00 [Action.ts] [d72e901a-4685-4d95-a357-284c35097c71] Executing action GetStudent
2021-01-31 07:10:32+00:00 [Action.ts] [d72e901a-4685-4d95-a357-284c35097c71] Executing action GetStudent
2021-01-31 07:10:32+00:00 [Action.ts] [d72e901a-4685-4d95-a357-284c35097c71] Executing action GetStudent
2021-01-31 07:10:32+00:00 [Action.ts] [d72e901a-4685-4d95-a357-284c35097c71] Executing action GetStudent
2021-01-31 07:11:08+00:00 [Action.ts] [d21d9846-8c95-4581-958e-ff5d5adadcd3] Executing action GetStudent
2021-01-31 07:11:08+00:00 [Action.ts] [d21d9846-8c95-4581-958e-ff5d5adadcd3] Executing action GetStudent
2021-01-31 07:11:08+00:00 [Action.ts] [d21d9846-8c95-4581-958e-ff5d5adadcd3] Executing action GetStudent
2021-01-31 07:11:08+00:00 [Action.ts] [d21d9846-8c95-4581-958e-ff5d5adadcd3] Executing action GetStudent
2021-01-31 07:11:08+00:00 [Action.ts] [d21d9846-8c95-4581-958e-ff5d5adadcd3] Executing action GetStudent
2021-01-31 07:11:08+00:00 [Action.ts] [d21d9846-8c95-4581-958e-ff5d5adadcd3] Executing action GetStudent
2021-01-31 07:11:08+00:00 [Action.ts] [d21d9846-8c95-4581-958e-ff5d5adadcd3] Executing action GetStudent
2021-01-31 07:11:08+00:00 [Action.ts] [d21d9846-8c95-4581-958e-ff5d5adadcd3] Executing action GetStudent
2021-01-31 07:11:09+00:00 [Action.ts] [d21d9846-8c95-4581-958e-ff5d5adadcd3] Executing action GetStudent
2021-01-31 07:11:09+00:00 [Action.ts] [d21d9846-8c95-4581-958e-ff5d5adadcd3] Executing action GetStudent
2021-01-31 07:11:09+00:00 [Action.ts] [d21d9846-8c95-4581-958e-ff5d5adadcd3] Executing action GetStudent
2021-01-31 07:11:38+00:00 [Action.ts] [40a36279-5b10-4ad3-a3dd-4c8c71517e16] Executing action GetStudent
2021-01-31 07:11:38+00:00 [Action.ts] [40a36279-5b10-4ad3-a3dd-4c8c71517e16] Executing action GetStudent
2021-01-31 07:11:38+00:00 [Action.ts] [40a36279-5b10-4ad3-a3dd-4c8c71517e16] Executing action GetStudent
2021-01-31 07:11:38+00:00 [Action.ts] [40a36279-5b10-4ad3-a3dd-4c8c71517e16] Executing action GetStudent
2021-01-31 07:11:38+00:00 [Action.ts] [40a36279-5b10-4ad3-a3dd-4c8c71517e16] Executing action GetStudent
2021-01-31 07:11:38+00:00 [Action.ts] [40a36279-5b10-4ad3-a3dd-4c8c71517e16] Executing action GetStudent
2021-01-31 07:11:38+00:00 [Action.ts] [40a36279-5b10-4ad3-a3dd-4c8c71517e16] Executing action GetStudent
2021-01-31 07:11:39+00:00 [Action.ts] [40a36279-5b10-4ad3-a3dd-4c8c71517e16] Executing action GetStudent
2021-01-31 07:11:39+00:00 [Action.ts] [40a36279-5b10-4ad3-a3dd-4c8c71517e16] Executing action GetStudent
2021-01-31 07:11:39+00:00 [Action.ts] [40a36279-5b10-4ad3-a3dd-4c8c71517e16] Executing action GetStudent
2021-01-31 07:11:39+00:00 [Action.ts] [40a36279-5b10-4ad3-a3dd-4c8c71517e16] Executing action GetStudent
2021-01-31 07:15:57+00:00 [Action.ts] [6d95f4c5-fd49-4a40-9ac2-9b5fea7dde3a] Executing action GetStudent
2021-01-31 07:15:57+00:00 [Action.ts] [6d95f4c5-fd49-4a40-9ac2-9b5fea7dde3a] Executing action GetStudent
2021-01-31 07:15:57+00:00 [Action.ts] [6d95f4c5-fd49-4a40-9ac2-9b5fea7dde3a] Executing action GetStudent
2021-01-31 07:15:58+00:00 [Action.ts] [6d95f4c5-fd49-4a40-9ac2-9b5fea7dde3a] Executing action GetStudent
2021-01-31 07:15:58+00:00 [Action.ts] [6d95f4c5-fd49-4a40-9ac2-9b5fea7dde3a] Executing action GetStudent
2021-01-31 07:15:58+00:00 [Action.ts] [6d95f4c5-fd49-4a40-9ac2-9b5fea7dde3a] Executing action GetStudent
2021-01-31 07:15:58+00:00 [Action.ts] [6d95f4c5-fd49-4a40-9ac2-9b5fea7dde3a] Executing action GetStudent
2021-01-31 07:15:58+00:00 [Action.ts] [6d95f4c5-fd49-4a40-9ac2-9b5fea7dde3a] Executing action GetStudent
2021-01-31 07:15:58+00:00 [Action.ts] [6d95f4c5-fd49-4a40-9ac2-9b5fea7dde3a] Executing action GetStudent
2021-01-31 07:15:58+00:00 [Action.ts] [6d95f4c5-fd49-4a40-9ac2-9b5fea7dde3a] Executing action GetStudent
2021-01-31 07:15:58+00:00 [Action.ts] [6d95f4c5-fd49-4a40-9ac2-9b5fea7dde3a] Executing action GetStudent
2021-01-31 07:16:08+00:00 [Action.ts] [986c3241-5c3c-4317-a940-ae0a464f2977] Executing action GetStudent
2021-01-31 07:16:08+00:00 [Action.ts] [986c3241-5c3c-4317-a940-ae0a464f2977] Executing action GetStudent
2021-01-31 07:16:08+00:00 [Action.ts] [986c3241-5c3c-4317-a940-ae0a464f2977] Executing action GetStudent
2021-01-31 07:16:08+00:00 [Action.ts] [986c3241-5c3c-4317-a940-ae0a464f2977] Executing action GetStudent
2021-01-31 07:16:08+00:00 [Action.ts] [986c3241-5c3c-4317-a940-ae0a464f2977] Executing action GetStudent
2021-01-31 07:16:08+00:00 [Action.ts] [986c3241-5c3c-4317-a940-ae0a464f2977] Executing action GetStudent
2021-01-31 07:16:08+00:00 [Action.ts] [986c3241-5c3c-4317-a940-ae0a464f2977] Executing action GetStudent
2021-01-31 07:16:08+00:00 [Action.ts] [986c3241-5c3c-4317-a940-ae0a464f2977] Executing action GetStudent
2021-01-31 07:16:08+00:00 [Action.ts] [986c3241-5c3c-4317-a940-ae0a464f2977] Executing action GetStudent
2021-01-31 07:16:09+00:00 [Action.ts] [986c3241-5c3c-4317-a940-ae0a464f2977] Executing action GetStudent
2021-01-31 07:16:09+00:00 [Action.ts] [986c3241-5c3c-4317-a940-ae0a464f2977] Executing action GetStudent
2021-01-31 07:18:41+00:00 [Action.ts] [130e808c-5a59-4e26-a406-374e09a2a043] Executing action GetStudent
2021-01-31 07:18:41+00:00 [error-handler] [130e808c-5a59-4e26-a406-374e09a2a043] Response error: 500 - Cannot read property 'value' of undefined
2021-01-31 07:19:35+00:00 [app.ts] Starting app...
2021-01-31 07:19:36+00:00 App is listening on port 3001
2021-01-31 07:19:38+00:00 [Action.ts] [93ca65af-92e2-4713-b9e1-0eae8e9fa6bf] Executing action GetStudent
2021-01-31 07:19:38+00:00 [error-handler] [93ca65af-92e2-4713-b9e1-0eae8e9fa6bf] Response error: 500 - Cannot read property 'value' of undefined
2021-01-31 07:19:38+00:00 [error-handler] [93ca65af-92e2-4713-b9e1-0eae8e9fa6bf] TypeError: Cannot read property 'value' of undefined
    at Object.<anonymous> (/Users/aragoncorregidor/Documents/pablo/UNIR/TFE/TFE/desarrollo/backend/src/services/responseLiterals.service.ts:14:35)
    at step (/Users/aragoncorregidor/Documents/pablo/UNIR/TFE/TFE/desarrollo/backend/src/services/responseLiterals.service.ts:33:23)
    at Object.next (/Users/aragoncorregidor/Documents/pablo/UNIR/TFE/TFE/desarrollo/backend/src/services/responseLiterals.service.ts:14:53)
    at fulfilled (/Users/aragoncorregidor/Documents/pablo/UNIR/TFE/TFE/desarrollo/backend/src/services/responseLiterals.service.ts:5:58)
    at processTicksAndRejections (internal/process/task_queues.js:93:5)
2021-01-31 07:20:03+00:00 [app.ts] Starting app...
2021-01-31 07:20:04+00:00 App is listening on port 3001
2021-01-31 07:20:05+00:00 [Action.ts] [279d4e87-392e-44e1-bf37-23408896a1bc] Executing action GetStudent
2021-01-31 07:20:05+00:00 [error-handler] [279d4e87-392e-44e1-bf37-23408896a1bc] Response error: 500 - Cannot read property 'value' of undefined
2021-01-31 07:20:06+00:00 [error-handler] [279d4e87-392e-44e1-bf37-23408896a1bc] TypeError: Cannot read property 'value' of undefined
    at Object.<anonymous> (/Users/aragoncorregidor/Documents/pablo/UNIR/TFE/TFE/desarrollo/backend/src/services/responseLiterals.service.ts:15:35)
    at step (/Users/aragoncorregidor/Documents/pablo/UNIR/TFE/TFE/desarrollo/backend/src/services/responseLiterals.service.ts:33:23)
    at Object.next (/Users/aragoncorregidor/Documents/pablo/UNIR/TFE/TFE/desarrollo/backend/src/services/responseLiterals.service.ts:14:53)
    at fulfilled (/Users/aragoncorregidor/Documents/pablo/UNIR/TFE/TFE/desarrollo/backend/src/services/responseLiterals.service.ts:5:58)
    at processTicksAndRejections (internal/process/task_queues.js:93:5)
2021-01-31 07:20:23+00:00 [app.ts] Starting app...
2021-01-31 07:20:24+00:00 App is listening on port 3001
2021-01-31 07:20:26+00:00 [Action.ts] [7112db1a-a355-4062-bfc2-4316be8ba5a8] Executing action GetStudent
2021-01-31 07:20:35+00:00 [Action.ts] [4b948315-874d-4866-b96f-3f055a806247] Executing action GetStudent
2021-01-31 07:20:38+00:00 [Action.ts] [47c77122-58df-46b5-8b80-7d499e9e9f03] Executing action GetStudent
2021-01-31 07:22:23+00:00 [Action.ts] [aedc3d21-5390-4439-897f-04b1fe297da6] Executing action GetStudent
2021-01-31 07:25:59+00:00 [Action.ts] [fc6ff998-ac1f-4e2c-b825-e4f7da59329f] Executing action GetStudent
2021-01-31 07:27:02+00:00 [Action.ts] [86248e26-5c89-4bfc-8959-4c8fad552b6b] Executing action GetStudent
2021-01-31 07:36:04+00:00 [Action.ts] [95fc8d2a-169e-4dab-8764-84bf35194173] Executing action GetStudent
2021-01-31 07:38:39+00:00 [Action.ts] [a0139f4d-7b6e-49ab-8a55-fa3ae36f1303] Executing action GetStudent
