2021-02-03 09:10:21+00:00 [access-logger] [8d453a61-745a-440e-b431-e8257765a895] 200 /api/v1/messages/ 1320ms
2021-02-03 09:13:30+00:00 [access-logger] [ebef8850-0c18-4c00-bc0d-6c302ba544bc] 200 /api/v1/messages/ 346ms
2021-02-03 09:13:48+00:00 [access-logger] [f92eb69f-0d72-4482-bde6-17fa54541bb1] 200 /api/v1/messages/ 262ms
2021-02-03 09:17:31+00:00 [access-logger] [7da397a7-a981-42b5-bfd8-ae697a5d1031] 200 /api/v1/messages/ 319ms
2021-02-03 09:17:35+00:00 [access-logger] [dc4a34ad-e273-438d-bc66-89a5039c08ba] 200 /api/v1/messages/ 282ms
2021-02-03 09:17:56+00:00 [access-logger] [01b7b828-9106-4254-93ca-c7ad81baea36] 200 /api/v1/messages/ 335ms
2021-02-03 11:28:35+00:00 [access-logger] [0f293c98-121c-4a05-bd08-214df7f91cd0] 200 /api/v1/messages/ 2517ms
2021-02-03 11:29:13+00:00 [access-logger] [8b643eda-786e-409b-ad6f-d50c56524bd3] 200 /api/v1/messages/ 291ms
2021-02-03 11:29:26+00:00 [access-logger] [188fa853-1375-429b-b61b-2f3824b7a5ed] 200 /api/v1/messages/ 355ms
2021-02-03 11:30:05+00:00 [access-logger] [21ac43a9-9269-46a1-91a3-bf30a804c805] 200 /api/v1/messages/ 297ms
2021-02-03 11:31:28+00:00 [access-logger] [b340fcbe-0af2-40a4-83b3-39153c674e99] 200 /api/v1/messages/ 269ms
2021-02-03 11:31:54+00:00 [access-logger] [3354d343-2372-437c-bfba-e4df5f121295] 200 /api/v1/messages/ 289ms
2021-02-03 11:33:08+00:00 [access-logger] [cfd80c13-0dce-4910-a607-55c62e3ad7eb] 200 /api/v1/messages/ 288ms
2021-02-03 11:34:16+00:00 [access-logger] [c145ce55-03cd-442b-96ea-35b87c4a58da] 200 /api/v1/messages/ 299ms
2021-02-03 11:34:50+00:00 [access-logger] [19dfef92-2276-4ee4-90e9-1722addda480] 200 /api/v1/messages/ 294ms
2021-02-03 11:39:13+00:00 [access-logger] [8106644b-3134-4b3e-b19f-95448cb125cd] 200 /api/v1/messages/ 311ms
2021-02-03 11:39:34+00:00 [access-logger] [2f1f2f10-4ae9-4ac2-bc56-bd2d284b943d] 200 /api/v1/messages/ 268ms
2021-02-03 11:39:43+00:00 [access-logger] [5215811a-bbd4-4d5e-b2cb-05018525cf92] 200 /api/v1/messages/ 288ms
2021-02-03 11:54:01+00:00 [access-logger] [39ab6777-d537-4b9f-b602-5a0480fa527a] 200 /api/v1/messages/ 644ms
2021-02-03 11:54:22+00:00 [access-logger] [58ba14ee-88bb-445a-b5c5-fb4c7772ef50] 200 /api/v1/messages/ 357ms
2021-02-03 11:54:38+00:00 [access-logger] [f6d3bb8d-97bc-4429-b7f3-93a52c8f6a60] 200 /api/v1/messages/ 295ms
2021-02-03 11:56:05+00:00 [access-logger] [d9f25670-8609-47d1-85b5-e097d75d5137] 200 /api/v1/messages/ 299ms
2021-02-03 11:59:26+00:00 [access-logger] [6193da35-9457-40d1-9e39-6bc4462f4505] 200 /api/v1/messages/ 282ms
2021-02-03 12:00:02+00:00 [access-logger] [1eb035aa-d241-4eae-8087-281652656687] 200 /api/v1/messages/ 304ms
2021-02-03 12:00:18+00:00 [access-logger] [bffee3c7-a151-46f7-b1ba-074ecbc3e460] 200 /api/v1/messages/ 282ms
2021-02-03 12:00:52+00:00 [access-logger] [897aa905-237e-4b92-a63a-29e30cdc1bd7] 200 /api/v1/messages/ 280ms
2021-02-03 12:01:52+00:00 [access-logger] [c05ba503-155c-4ee6-bc1d-4bb13beb5503] 200 /api/v1/messages/ 325ms
2021-02-03 12:02:24+00:00 [access-logger] [958cb21f-edfe-4179-b69b-e6a2da62cd93] 200 /api/v1/messages/ 287ms
2021-02-03 12:02:43+00:00 [access-logger] [63b379c2-5a40-4cd9-86b4-2a0653c9f9d2] 200 /api/v1/messages/ 274ms
2021-02-03 12:03:18+00:00 [access-logger] [5cdf15a6-3f0d-47ff-a0eb-13172b850d29] 200 /api/v1/messages/ 298ms
2021-02-03 12:07:04+00:00 [access-logger] [1d5bb013-9e23-4c29-a5e1-331149f1fc59] 200 /api/v1/messages/ 834ms
2021-02-03 12:07:51+00:00 [access-logger] [b582676f-fbb9-4ba1-9f74-a60c2830a0fc] 200 /api/v1/messages/ 302ms
2021-02-03 12:10:38+00:00 [access-logger] [e98f493f-2e9d-4c09-8821-fdeb15e3bf2b] 200 /api/v1/messages/ 306ms
2021-02-03 12:12:44+00:00 [access-logger] [69a311e1-04ff-4492-9c71-ffbebcb88f63] 200 /api/v1/messages/ 289ms
2021-02-03 12:12:46+00:00 [access-logger] [501430ed-e9f8-4683-b329-45c221a1253b] 200 /api/v1/messages/ 194ms
2021-02-03 12:12:47+00:00 [access-logger] [0e26537b-2625-452c-99c7-89717197296e] 200 /api/v1/messages/ 275ms
2021-02-03 12:13:52+00:00 [access-logger] [ecdd4250-e7f9-44fb-b09c-eb06c9eb908c] 200 /api/v1/messages/ 283ms
2021-02-03 12:13:53+00:00 [access-logger] [e53f1288-75af-49e1-8fa6-651e148249f9] 200 /api/v1/messages/ 171ms
2021-02-03 12:14:04+00:00 [access-logger] [b24bd943-d82b-4fcb-9c27-cf124ea1dd69] 200 /api/v1/messages/ 344ms
2021-02-03 12:14:04+00:00 [access-logger] [6eb35651-64a5-4673-84fd-c85314879476] 200 /api/v1/messages/ 207ms
2021-02-03 12:14:30+00:00 [access-logger] [8ec6bfef-ff9c-4bc1-9840-16b9aa890df8] 200 /api/v1/messages/ 378ms
2021-02-03 12:14:31+00:00 [access-logger] [750ef70f-dc43-45bf-a4f9-1c3bfe8b0ff0] 200 /api/v1/messages/ 173ms
2021-02-03 12:16:15+00:00 [access-logger] [05886bdb-0f7c-41f2-b6e0-218e2ea1d01c] 200 /api/v1/messages/ 284ms
2021-02-03 12:16:17+00:00 [access-logger] [db383e09-4855-4e68-ad99-e4ce8c541166] 200 /api/v1/messages/ 186ms
2021-02-03 12:16:42+00:00 [access-logger] [5a57981b-a325-4543-baef-ae57caa7c386] 200 /api/v1/messages/ 325ms
2021-02-03 12:16:44+00:00 [access-logger] [88002454-acc8-4b5c-8544-366d01a2f7f8] 200 /api/v1/messages/ 192ms
2021-02-03 12:17:52+00:00 [access-logger] [674900f8-144c-439c-a5ae-f4b0ed2ba259] 200 /api/v1/messages/ 289ms
2021-02-03 12:17:53+00:00 [access-logger] [e4e1be10-c5e7-40d8-bda0-77b629c2bb17] 200 /api/v1/messages/ 223ms
2021-02-03 12:19:32+00:00 [access-logger] [9e458b0f-57f1-442d-8614-5b29ffc75970] 200 /api/v1/messages/ 664ms
2021-02-03 12:19:33+00:00 [access-logger] [410b02a9-8cf8-4271-9c2c-a6d3e1d78211] 200 /api/v1/messages/ 198ms
2021-02-03 12:21:20+00:00 [access-logger] [03e79dbc-2342-4a81-8460-bb55d4bfa743] 200 /api/v1/messages/ 204ms
2021-02-03 12:21:23+00:00 [access-logger] [d523fda4-6204-4ce9-9895-95c285d2ccdd] 200 /api/v1/messages/ 195ms
2021-02-03 12:21:25+00:00 [access-logger] [657bdff4-0d09-429d-bbf2-e38f57e7917c] 200 /api/v1/messages/ 201ms
2021-02-03 12:21:28+00:00 [access-logger] [f21207a8-0dfb-4fa4-8f88-1082c22ea601] 200 /api/v1/messages/ 218ms
2021-02-03 12:21:31+00:00 [access-logger] [08baa2ff-feb5-4df2-b6f6-2c86c215a93b] 200 /api/v1/messages/ 179ms
2021-02-03 12:21:35+00:00 [access-logger] [6cb16b2c-144f-4218-9a8a-499f8e1bbb36] 200 /api/v1/messages/ 212ms
2021-02-03 12:21:39+00:00 [access-logger] [d0bbb74a-b2f4-4858-b2dc-a9db99c6f546] 200 /api/v1/messages/ 194ms
2021-02-03 12:21:42+00:00 [access-logger] [e3a7a374-42bc-4094-aca0-f4eb3eed1c4b] 200 /api/v1/messages/ 202ms
2021-02-03 12:23:39+00:00 [access-logger] [9d443c14-5cec-4538-9861-c495ed2c3ad6] 200 /api/v1/messages/ 344ms
2021-02-03 12:23:41+00:00 [access-logger] [3c9b66af-bce9-4cfa-8783-0e3f0e880c57] 200 /api/v1/messages/ 199ms
2021-02-03 12:36:59+00:00 [access-logger] [5cb16b5e-31e2-4f06-b290-0b8277605b7c] 200 /api/v1/messages/ 1109ms
2021-02-03 12:38:15+00:00 [access-logger] [a5301fbc-2070-4a4b-acad-69fbbdc23d2a] 200 /api/v1/messages/ 379ms
2021-02-03 12:38:21+00:00 [access-logger] [f7ea5a98-22c6-4622-9cc0-5abb1b632037] 200 /api/v1/messages/ 1504ms
2021-02-03 12:38:51+00:00 [access-logger] [915df0e1-10bf-43a8-bddb-b5f42944deb9] 200 /api/v1/messages/ 879ms
2021-02-03 12:39:57+00:00 [access-logger] [996cae47-46c0-405d-adeb-cc4c6a8fd858] 200 /api/v1/messages/ 339ms
2021-02-03 12:39:58+00:00 [access-logger] [5e5775f7-7561-403e-8f09-05ae33567d5e] 200 /api/v1/messages/ 299ms
2021-02-03 12:40:01+00:00 [access-logger] [709cf06a-ebe5-423b-956e-0a8e4eb7b855] 200 /api/v1/messages/ 285ms
2021-02-03 12:40:17+00:00 [access-logger] [bf513081-99a5-4b92-88f2-63378b1194f8] 200 /api/v1/messages/ 363ms
2021-02-03 12:40:53+00:00 [access-logger] [4926bcc2-cc26-429c-a554-019a4fedc864] 200 /api/v1/messages/ 335ms
2021-02-03 12:41:11+00:00 [access-logger] [094f42a1-82a8-4478-91dd-76ed1088cdfe] 200 /api/v1/messages/ 304ms
2021-02-03 12:42:00+00:00 [access-logger] [2f871963-903d-43ec-a5a4-3b2b77903cb9] 200 /api/v1/messages/ 358ms
2021-02-03 12:42:17+00:00 [access-logger] [9bb87308-2127-4407-9201-de298be8b1af] 200 /api/v1/messages/ 845ms
2021-02-03 12:42:23+00:00 [access-logger] [a44cdc15-758b-42d5-8af4-1cc3211516e2] 200 /api/v1/messages/ 281ms
2021-02-03 12:42:48+00:00 [access-logger] [d4dbb5c4-1e3c-4d2f-b736-073ce9d3670e] 200 /api/v1/messages/ 301ms
2021-02-03 12:42:57+00:00 [access-logger] [1addeeec-8050-4a5f-b4df-215634dbcdc7] 200 /api/v1/messages/ 380ms
2021-02-03 12:43:05+00:00 [access-logger] [c181ce3b-c027-403c-ad9c-8ec2f4ffa169] 200 /api/v1/messages/ 342ms
2021-02-03 12:43:19+00:00 [access-logger] [8ac0f39e-360b-4673-8aed-4dea89457ade] 200 /api/v1/messages/ 278ms
2021-02-03 12:43:31+00:00 [access-logger] [940d4c34-110d-4baf-85ca-bd209de6333e] 200 /api/v1/messages/ 299ms
2021-02-03 12:43:39+00:00 [access-logger] [d9332dd5-e2a1-4ba4-b1bb-55ba4ad6ede5] 200 /api/v1/messages/ 305ms
2021-02-03 12:43:49+00:00 [access-logger] [b2d1ca9c-bc76-4d75-98a7-f1eefdb06546] 200 /api/v1/messages/ 406ms
2021-02-03 12:43:58+00:00 [access-logger] [f333b056-80f4-4c4a-9e7a-b7148aee0d2c] 200 /api/v1/messages/ 333ms
2021-02-03 12:44:36+00:00 [access-logger] [76dc4b5b-c160-49b1-931d-388d26ded7c3] 200 /api/v1/messages/ 284ms
2021-02-03 12:45:32+00:00 [access-logger] [fae76d27-80d0-453a-b070-0b7663331b2d] 200 /api/v1/messages/ 304ms
2021-02-03 12:47:22+00:00 [access-logger] [6f16cb4a-a6a3-4043-97ae-c4bbf18e05de] 200 /api/v1/messages/ 344ms
2021-02-03 12:51:43+00:00 [access-logger] [2a21f260-c272-4752-a74b-40125afb12a6] 200 /api/v1/messages/ 350ms
2021-02-03 12:51:44+00:00 [access-logger] [1d91a314-7dce-4d9c-a1a6-79599e5bb7d5] 200 /api/v1/messages/ 497ms
2021-02-03 12:56:15+00:00 [access-logger] [a501b5c7-cf05-4882-9a19-84b14aa436b9] 200 /api/v1/messages/ 348ms
2021-02-03 01:00:57+00:00 [access-logger] [eddf0740-61c0-46ae-b2cb-32773c2b7c0a] 200 /api/v1/messages/ 1124ms
2021-02-03 01:01:55+00:00 [access-logger] [5a65939c-531e-4dc9-9cec-8f7a8901a14b] 200 /api/v1/messages/ 820ms
2021-02-03 01:05:32+00:00 [access-logger] [efd705fc-765e-4ba7-ad0a-1b9fc7eee806] 200 /api/v1/messages/ 364ms
2021-02-03 02:05:19+00:00 [access-logger] [1ffbf6b3-9715-4566-9cf9-f86c065d48d3] 200 /api/v1/messages/ 2976ms
2021-02-03 02:06:01+00:00 [access-logger] [b628fd4b-db6a-4631-b306-6e056a3c1e33] 200 /api/v1/messages/ 1310ms
2021-02-03 02:06:40+00:00 [access-logger] [acca39b3-a553-474f-9c04-8540ea169a7d] 200 /api/v1/messages/ 529ms
2021-02-03 02:14:48+00:00 [access-logger] [21cd7263-87cd-40ed-8235-41b3ed7901e8] 200 /api/v1/messages/ 1216ms
2021-02-03 02:20:58+00:00 [access-logger] [bb928c15-338b-4da5-a585-83d7e7ddcfce] 200 /api/v1/messages/ 520ms
2021-02-03 02:21:46+00:00 [access-logger] [7a05bd98-59da-4fb9-9d29-741453e561b5] 200 /api/v1/messages/ 337ms
2021-02-03 02:22:01+00:00 [access-logger] [a73d0e5e-8a3c-4f50-a033-5f6b1399a214] 200 /api/v1/messages/ 417ms
2021-02-03 02:24:21+00:00 [access-logger] [e50bcfdb-0884-4b1d-8197-aa8f6965d718] 200 /api/v1/messages/ 429ms
2021-02-03 02:27:28+00:00 [access-logger] [ac8ccd26-ee74-49dd-a565-5753eecddb91] 200 /api/v1/messages/ 1406ms
2021-02-03 02:29:38+00:00 [access-logger] [daa5bb61-ec6f-4877-9075-68f312aa31f9] 200 /api/v1/messages/ 937ms
2021-02-03 02:30:09+00:00 [access-logger] [2f9d4071-0c08-403a-a318-bddee8064aee] 200 /api/v1/messages/ 1210ms
2021-02-03 02:30:48+00:00 [access-logger] [f6a34ee0-21aa-4c7d-9ed6-03ee29f9cc3a] 200 /api/v1/messages/ 1097ms
2021-02-03 02:31:39+00:00 [access-logger] [d1df7f45-5221-4d56-a1df-da0ff73dc826] 200 /api/v1/messages/ 1001ms
2021-02-03 02:32:47+00:00 [access-logger] [7b5b5e37-6865-4170-bd96-286604756976] 500 /api/v1/messages/ 948ms
2021-02-03 02:33:07+00:00 [access-logger] [a565893b-3365-4847-bdfe-2d7cd4d9382a] 500 /api/v1/messages/ 693ms
2021-02-03 02:33:26+00:00 [access-logger] [14c75fe4-6734-4305-b36c-5aad16d74c1a] 200 /api/v1/messages/ 1107ms
2021-02-03 02:34:20+00:00 [access-logger] [b29ae932-81ff-43c8-8bd0-ff9856a29374] 500 /api/v1/messages/ 1248ms
2021-02-03 02:36:00+00:00 [access-logger] [77ef3f6e-595b-4d03-9783-4f582f7f100b] 200 /api/v1/messages/ 1234ms
2021-02-03 02:36:48+00:00 [access-logger] [884eb6c0-02bc-4aa4-825f-971ae74bb919] 200 /api/v1/messages/ 1167ms
2021-02-03 02:36:59+00:00 [access-logger] [2d2f32c2-261f-4e60-bf92-4a129bed621e] 200 /api/v1/messages/ 497ms
2021-02-03 02:38:48+00:00 [access-logger] [168c3b1c-8a13-4f51-a740-7c71c58da074] 200 /api/v1/messages/ 492ms
2021-02-03 02:39:41+00:00 [access-logger] [6e9c1e99-a78d-4ed1-b500-f02d60775592] 200 /api/v1/messages/ 476ms
2021-02-03 02:39:51+00:00 [access-logger] [21bf8c36-4d9a-4a07-8396-cea02fe1d6bf] 200 /api/v1/messages/ 432ms
2021-02-03 02:39:54+00:00 [access-logger] [f86d504d-cc0e-400b-a04e-df4e23c79325] 200 /api/v1/messages/ 2051ms
2021-02-03 02:39:57+00:00 [access-logger] [cba1da39-4dc6-4ce0-aac8-61069c81ed89] 200 /api/v1/messages/ 251ms
2021-02-03 02:40:42+00:00 [access-logger] [0782812b-0c7f-4aa0-b4cf-bdaeb1ff1b72] 200 /api/v1/messages/ 306ms
2021-02-03 02:40:43+00:00 [access-logger] [2a9e272a-43aa-47e9-9373-13884340ce53] 200 /api/v1/messages/ 184ms
2021-02-03 02:40:44+00:00 [access-logger] [cb86cf46-9439-45c3-a5c6-5070b33901bb] 200 /api/v1/messages/ 201ms
2021-02-03 02:40:44+00:00 [access-logger] [1f4ea6db-f625-44fb-959d-ce19c5cc1b45] 200 /api/v1/messages/ 260ms
2021-02-03 02:40:45+00:00 [access-logger] [a5b99c96-c24a-4fdb-97a5-32b88d760cb8] 200 /api/v1/messages/ 294ms
2021-02-03 02:40:46+00:00 [access-logger] [c3b4ce41-0ff4-4660-a2a5-a1725025335c] 200 /api/v1/messages/ 190ms
2021-02-03 02:40:47+00:00 [access-logger] [dee6fa79-1613-496e-8eee-1bddcb4a3b5f] 200 /api/v1/messages/ 172ms
2021-02-03 02:40:48+00:00 [access-logger] [87b5d270-a858-48f8-9f4b-5f2703059908] 200 /api/v1/messages/ 400ms
2021-02-03 02:40:55+00:00 [access-logger] [17eb2cf0-41bb-4eda-8715-bed5eac3ee0f] 200 /api/v1/messages/ 287ms
2021-02-03 02:40:57+00:00 [access-logger] [6a8035f4-c03a-4095-a162-3d277ae60a0b] 200 /api/v1/messages/ 383ms
2021-02-03 02:42:32+00:00 [access-logger] [48e04570-1a78-4af4-a07d-7a8f6110e711] 200 /api/v1/messages/ 424ms
2021-02-03 02:42:35+00:00 [access-logger] [1a9453e2-7822-4f3a-8cf8-eb2bed63d201] 200 /api/v1/messages/ 1811ms
2021-02-03 02:43:18+00:00 [access-logger] [a0162cba-87a7-4eb9-91b7-91bc95b4174c] 200 /api/v1/messages/ 333ms
2021-02-03 02:43:20+00:00 [access-logger] [97cc30ff-ef74-40f4-9645-b049a7bf4b9a] 200 /api/v1/messages/ 2034ms
2021-02-03 02:49:28+00:00 [access-logger] [b7ead907-2d60-42dc-b037-3a3f7ae3eee5] 200 /api/v1/messages/ 6099ms
2021-02-03 02:49:58+00:00 [access-logger] [2b709590-6429-472c-819d-4e7089b25740] 200 /api/v1/messages/ 536ms
2021-02-03 02:50:02+00:00 [access-logger] [7c88ed5e-86ee-4f5f-be8c-b2e1e3ceb0b3] 200 /api/v1/messages/ 2069ms
2021-02-03 02:50:23+00:00 [access-logger] [3065bab0-0f1b-4062-bf20-ae85b70eb55d] 200 /api/v1/messages/ 399ms
2021-02-03 02:50:26+00:00 [access-logger] [635721e7-d853-40b2-ba32-6fefbba0967d] 200 /api/v1/messages/ 1862ms
2021-02-03 02:50:39+00:00 [access-logger] [41876051-c635-495b-8510-aa18e39d3d8a] 200 /api/v1/messages/ 367ms
2021-02-03 02:50:41+00:00 [access-logger] [dae66d02-f67d-4b49-8aae-88a66f1fb8bc] 200 /api/v1/messages/ 1944ms
2021-02-03 02:52:51+00:00 [access-logger] [1f2034e7-0fdd-424f-8aec-6c25ae6fcae4] 200 /api/v1/messages/ 311ms
2021-02-03 02:52:54+00:00 [access-logger] [a305bf5b-42cd-4de9-a357-c06daf3866a6] 200 /api/v1/messages/ 1887ms
2021-02-03 02:57:36+00:00 [access-logger] [fd03b55f-abf3-43d1-b16c-8013b3fbb5b0] 200 /api/v1/messages/ 317ms
2021-02-03 02:58:18+00:00 [access-logger] [49d74295-2480-4256-8f82-d551d584d62a] 200 /api/v1/messages/ 355ms
2021-02-03 02:58:22+00:00 [access-logger] [b2ae66d1-80ec-472f-b503-efac46b64bfd] 200 /api/v1/messages/ 1735ms
2021-02-03 02:59:53+00:00 [access-logger] [90f03893-2f2f-4780-9dcc-d24b3a50de27] 200 /api/v1/messages/ 417ms
2021-02-03 02:59:56+00:00 [access-logger] [ebe8776b-3938-4615-919d-6e26c25e2808] 200 /api/v1/messages/ 1896ms
2021-02-03 03:00:43+00:00 [access-logger] [737671a5-22a4-428e-a37c-13a56d8abcab] 200 /api/v1/messages/ 361ms
2021-02-03 03:00:49+00:00 [access-logger] [9a739260-3f8b-465e-bdf1-59713727c425] 200 /api/v1/messages/ 1437ms
2021-02-03 03:01:08+00:00 [access-logger] [869b6676-c58d-4c32-b49b-3bd4e2bb5592] 200 /api/v1/messages/ 366ms
2021-02-03 03:01:11+00:00 [access-logger] [c59018e8-2774-488b-b41c-71e411ca3592] 200 /api/v1/messages/ 1348ms
2021-02-03 03:01:35+00:00 [access-logger] [c12ee321-e773-40b5-b8fe-833809c8de09] 200 /api/v1/messages/ 389ms
2021-02-03 03:01:46+00:00 [access-logger] [72f7be14-120e-415c-ab9f-ffd3c6726728] 200 /api/v1/messages/ 298ms
2021-02-03 03:01:49+00:00 [access-logger] [35c744ce-7ecb-4647-9496-1dbe964d1859] 200 /api/v1/messages/ 2016ms
2021-02-03 03:01:54+00:00 [access-logger] [81bceb09-f627-4a79-803e-77157f4e2dbd] 200 /api/v1/messages/ 254ms
2021-02-03 03:02:00+00:00 [access-logger] [9307323d-753e-4a31-84bd-4dac62cfdebe] 200 /api/v1/messages/ 288ms
2021-02-03 03:02:07+00:00 [access-logger] [4a52398b-398a-4ad2-afbb-ae743c120881] 200 /api/v1/messages/ 1477ms
2021-02-03 03:02:35+00:00 [access-logger] [0d797370-d4a4-48fe-872a-4f2f2ff093c7] 200 /api/v1/messages/ 402ms
2021-02-03 03:02:38+00:00 [access-logger] [dd4a2a27-ef41-430a-a25c-73173e6c3df5] 200 /api/v1/messages/ 1809ms
2021-02-03 03:02:45+00:00 [access-logger] [e7f039d9-85af-45f8-bb6a-b1c3e2326275] 200 /api/v1/messages/ 278ms
2021-02-03 03:02:48+00:00 [access-logger] [f2bc4479-4b7b-424c-b974-b1262ac15c88] 200 /api/v1/messages/ 1655ms
2021-02-03 03:02:57+00:00 [access-logger] [d5dbd46a-ee32-4276-9adb-6e589a9e79de] 200 /api/v1/messages/ 241ms
2021-02-03 03:03:08+00:00 [access-logger] [5dee66af-3024-4130-9ede-16185a338fb8] 200 /api/v1/messages/ 389ms
2021-02-03 03:03:45+00:00 [access-logger] [8cdc5dd4-2309-442c-84e3-7422f231b7f4] 200 /api/v1/messages/ 394ms
2021-02-03 03:03:57+00:00 [access-logger] [c00926ed-9a76-4724-93a0-6f4bcb48c42d] 200 /api/v1/messages/ 543ms
2021-02-03 03:04:38+00:00 [access-logger] [37cfbda6-1078-4d00-a691-bdac8847bf94] 200 /api/v1/messages/ 392ms
2021-02-03 03:04:46+00:00 [access-logger] [1e178bdd-a575-4b87-ac37-8f1ffa1bdc57] 200 /api/v1/messages/ 450ms
2021-02-03 03:04:49+00:00 [access-logger] [491d3699-a335-4ac2-95fe-bcae4b6db70a] 200 /api/v1/messages/ 2162ms
2021-02-03 03:05:13+00:00 [access-logger] [d2c0b82e-f04f-45e9-84aa-123c938fa3a1] 200 /api/v1/messages/ 368ms
2021-02-03 03:06:18+00:00 [access-logger] [2c7cede7-661b-49c0-b21c-8f607a8c7e0c] 200 /api/v1/messages/ 457ms
2021-02-03 03:07:59+00:00 [access-logger] [b59c57fe-0d8c-4b94-bfb7-5704b65caeca] 200 /api/v1/messages/ 649ms
2021-02-03 03:08:24+00:00 [access-logger] [2cf961bf-d055-454f-b3de-4100d90bde4c] 200 /api/v1/messages/ 347ms
2021-02-03 03:08:43+00:00 [access-logger] [33a2ad64-afaa-40f3-81e0-ef5ffb9b2af8] 200 /api/v1/messages/ 414ms
2021-02-03 03:09:02+00:00 [access-logger] [ef6b7742-72ce-4035-8bb9-5ae803e32e53] 200 /api/v1/messages/ 381ms
2021-02-03 03:09:06+00:00 [access-logger] [43b5f901-a4c7-4140-8ed4-aca64a0c6040] 200 /api/v1/messages/ 1828ms
2021-02-03 03:09:14+00:00 [access-logger] [50aecd6d-0100-45bb-b05a-dd159a91e1da] 200 /api/v1/messages/ 301ms
2021-02-03 03:40:59+00:00 [access-logger] [6a0db388-b285-4822-b31b-9d331e2bf644] 200 /api/v1/messages/ 1333ms
2021-02-03 03:41:23+00:00 [access-logger] [0e14ba2e-3c1d-43a4-97d9-980a848233f0] 200 /api/v1/messages/ 728ms
2021-02-03 03:42:34+00:00 [access-logger] [ca34c558-f421-4580-9119-eafb78789a31] 200 /api/v1/messages/ 360ms
2021-02-03 03:43:17+00:00 [access-logger] [5de5a2c4-ff28-4b0a-959b-51c6ea763459] 200 /api/v1/messages/ 1342ms
2021-02-03 03:43:20+00:00 [access-logger] [9801cdce-30e5-4390-b689-7d4441176c1b] 200 /api/v1/messages/ 1588ms
2021-02-03 03:44:17+00:00 [access-logger] [bb3f7ff1-cdb0-4220-9b54-4168f47c6b98] 200 /api/v1/messages/ 380ms
2021-02-03 03:44:20+00:00 [access-logger] [d522cb1d-7f15-4b19-bab1-634eeeb959e5] 200 /api/v1/messages/ 1591ms
2021-02-03 03:44:42+00:00 [access-logger] [d00a575c-ea0f-464a-8a6c-953a307282b5] 200 /api/v1/messages/ 355ms
2021-02-03 03:44:45+00:00 [access-logger] [49848d2a-0dd4-4f88-8184-f90ff1ffa838] 200 /api/v1/messages/ 2071ms
2021-02-03 03:45:42+00:00 [access-logger] [e6d5859f-118f-4f5a-b0e3-c04542bb22bb] 200 /api/v1/messages/ 378ms
2021-02-03 03:45:45+00:00 [access-logger] [d3e64c1f-bbeb-4c31-bcba-dbab50ae2750] 200 /api/v1/messages/ 1811ms
2021-02-03 03:47:01+00:00 [access-logger] [7f229097-c767-4194-ab1b-e0da0ba77809] 200 /api/v1/messages/ 397ms
2021-02-03 03:47:03+00:00 [access-logger] [83062f39-18cb-465f-83ce-541d61313031] 200 /api/v1/messages/ 1715ms
2021-02-03 03:47:26+00:00 [access-logger] [372b0fc0-4c04-41d9-a0b6-8a263154e9fe] 200 /api/v1/messages/ 436ms
2021-02-03 03:47:28+00:00 [access-logger] [203b40ad-934f-4a3c-b29b-7d054d1ae504] 200 /api/v1/messages/ 1687ms
2021-02-03 03:47:42+00:00 [access-logger] [bc3666f3-8b1a-45e3-91ba-47cace02b70b] 200 /api/v1/messages/ 334ms
2021-02-03 03:47:44+00:00 [access-logger] [766b4efb-6fd9-4b6e-b3a1-a92e576d646e] 200 /api/v1/messages/ 1636ms
2021-02-03 03:48:08+00:00 [access-logger] [55684b44-cf02-438f-8d30-793ae7077dce] 200 /api/v1/messages/ 371ms
2021-02-03 03:48:10+00:00 [access-logger] [95c87861-8420-4993-a787-6f63f3c21025] 200 /api/v1/messages/ 1525ms
2021-02-03 03:49:31+00:00 [access-logger] [3b6a4be4-543f-4067-a9d9-9e01a5277b67] 200 /api/v1/messages/ 400ms
2021-02-03 03:49:34+00:00 [access-logger] [90cd4167-76b1-4647-a3f0-178df7e48ebe] 200 /api/v1/messages/ 1858ms
2021-02-03 03:52:45+00:00 [access-logger] [4106d1bb-f4e2-495c-991e-ebf63f6dce88] 200 /api/v1/messages/ 324ms
2021-02-03 03:52:48+00:00 [access-logger] [0f63be61-71e6-4927-91d7-6cd47ae56fa0] 200 /api/v1/messages/ 1772ms
2021-02-03 03:54:15+00:00 [access-logger] [ec911ef9-9215-45c7-a0fd-574590d0af56] 200 /api/v1/messages/ 363ms
2021-02-03 03:54:18+00:00 [access-logger] [edb68215-da60-4651-b6ef-bd71aa653c45] 200 /api/v1/messages/ 1662ms
2021-02-03 03:54:33+00:00 [access-logger] [20490dd6-644d-4ae8-8aa0-5b0c71040f18] 200 /api/v1/messages/ 309ms
2021-02-03 03:54:35+00:00 [access-logger] [a6efbc5e-709b-462e-9fba-73712645d47a] 200 /api/v1/messages/ 1761ms
2021-02-03 03:55:23+00:00 [access-logger] [3615a419-8980-4cd0-abb3-8b43a9e163d3] 200 /api/v1/messages/ 363ms
2021-02-03 03:55:26+00:00 [access-logger] [395328d3-ecdd-4487-b0f2-94a54e8c9650] 200 /api/v1/messages/ 1757ms
2021-02-03 03:57:31+00:00 [access-logger] [390a97f6-443d-4492-aa30-7176168d9a28] 200 /api/v1/messages/ 454ms
2021-02-03 03:57:33+00:00 [access-logger] [de538bea-8944-48e1-9142-79457a8d2725] 200 /api/v1/messages/ 1686ms
2021-02-03 03:58:41+00:00 [access-logger] [961b3fec-33f7-44b2-874f-e22f0ca9771a] 200 /api/v1/messages/ 415ms
2021-02-03 03:58:44+00:00 [access-logger] [506dd5d6-f72e-4053-bebc-425004f5d1d4] 200 /api/v1/messages/ 1858ms
2021-02-03 04:00:05+00:00 [access-logger] [9d6d0ce9-219a-410e-8b7e-9d68571d6bcb] 200 /api/v1/messages/ 442ms
2021-02-03 04:00:08+00:00 [access-logger] [3893063a-a541-4647-bfab-8c965465b260] 200 /api/v1/messages/ 1824ms
2021-02-03 04:02:53+00:00 [access-logger] [02d677b6-85a4-4984-a993-159d8f9e9ab1] 200 /api/v1/messages/ 501ms
2021-02-03 04:02:58+00:00 [access-logger] [19d75241-634b-4e8a-bf79-bf3c1a6143a3] 200 /api/v1/messages/ 1727ms
2021-02-03 04:03:09+00:00 [access-logger] [7cbd62df-243a-420d-82a4-54d3b6ac7f87] 200 /api/v1/messages/ 361ms
2021-02-03 04:04:07+00:00 [access-logger] [1abea2a6-7f18-43bf-b61a-672771b69699] 200 /api/v1/messages/ 368ms
2021-02-03 04:04:20+00:00 [access-logger] [2d008119-4bd4-46b4-958e-bc078aa3067b] 200 /api/v1/messages/ 309ms
2021-02-03 04:04:28+00:00 [access-logger] [1b8c5bea-4713-4247-a582-bc35457bbfe4] 200 /api/v1/messages/ 382ms
2021-02-03 04:05:06+00:00 [access-logger] [8f2e3706-b51b-46f2-b51a-49e979f9f7f8] 200 /api/v1/messages/ 395ms
2021-02-03 04:05:23+00:00 [access-logger] [5759b69e-8513-4eb8-b409-65d8bab90f2a] 200 /api/v1/messages/ 338ms
2021-02-03 04:05:49+00:00 [access-logger] [16c9a4e7-b3a0-4083-84c8-3167af1ee3bd] 200 /api/v1/messages/ 356ms
2021-02-03 04:05:51+00:00 [access-logger] [94850ca0-c84b-40c9-83be-beb2066a1adc] 200 /api/v1/messages/ 1631ms
2021-02-03 04:06:23+00:00 [access-logger] [dd8bafcb-35f5-47cf-bac6-bbd55f926e07] 200 /api/v1/messages/ 325ms
2021-02-03 04:06:26+00:00 [access-logger] [97b2a04f-8238-4636-b6eb-405b5e6d360c] 200 /api/v1/messages/ 1618ms
2021-02-03 04:06:55+00:00 [access-logger] [19439a70-ac03-4c40-97a8-3cb28428fcb7] 200 /api/v1/messages/ 353ms
2021-02-03 04:06:58+00:00 [access-logger] [cf20d31d-0d88-4907-8360-7eb8fb195f71] 200 /api/v1/messages/ 1656ms
2021-02-03 04:07:27+00:00 [access-logger] [5168c01e-7b2a-42b9-8da0-add16620851c] 200 /api/v1/messages/ 417ms
2021-02-03 04:07:30+00:00 [access-logger] [d47ae996-507e-4a8b-b791-442a034f64ee] 200 /api/v1/messages/ 1817ms
2021-02-03 04:08:01+00:00 [access-logger] [060da84e-d2e1-425d-a1be-f94a0bb3d260] 200 /api/v1/messages/ 412ms
2021-02-03 04:08:04+00:00 [access-logger] [3a6e419e-8dca-43a4-8216-d45c5914bace] 200 /api/v1/messages/ 1559ms
2021-02-03 04:08:26+00:00 [access-logger] [d2f5b541-948f-46c0-a157-b216013a2418] 200 /api/v1/messages/ 369ms
2021-02-03 04:08:29+00:00 [access-logger] [5a519e37-fa5e-4ed9-92e5-ae4ae8f81b9e] 200 /api/v1/messages/ 1715ms
2021-02-03 04:08:39+00:00 [access-logger] [8d64ba66-b854-4943-8a9c-87ec695289e2] 200 /api/v1/messages/ 333ms
2021-02-03 04:08:41+00:00 [access-logger] [2e8a9b53-9031-41ab-9be8-305eb82429ac] 200 /api/v1/messages/ 1304ms
2021-02-03 04:09:02+00:00 [access-logger] [294dcc33-2540-4951-b2c8-b97ba67e4866] 200 /api/v1/messages/ 270ms
2021-02-03 04:09:04+00:00 [access-logger] [38032240-d3d4-4f03-a9bf-64b7ac70f3ce] 200 /api/v1/messages/ 1682ms
2021-02-03 04:09:14+00:00 [access-logger] [4fbb0665-d1ce-4e8c-824d-05f3df626e94] 200 /api/v1/messages/ 320ms
2021-02-03 04:09:16+00:00 [access-logger] [6a68eb40-bf08-43ba-9442-48d2ec4ed6a3] 200 /api/v1/messages/ 1743ms
2021-02-03 04:09:56+00:00 [access-logger] [78d290b6-6052-4242-abbd-2acbfc720c42] 200 /api/v1/messages/ 300ms
2021-02-03 04:10:19+00:00 [access-logger] [523c88cd-ce0c-4add-b222-8e675d2fc307] 200 /api/v1/messages/ 366ms
2021-02-03 04:10:21+00:00 [access-logger] [c7161de1-a6c7-4f82-8968-c6f56dd9af93] 200 /api/v1/messages/ 1698ms
2021-02-03 04:11:26+00:00 [access-logger] [bed49beb-b177-4118-9057-19cfdabde4c1] 200 /api/v1/messages/ 325ms
2021-02-03 04:11:29+00:00 [access-logger] [e1b82c7a-1a7a-49b1-a445-b94cdbb824c4] 200 /api/v1/messages/ 1690ms
2021-02-03 04:12:16+00:00 [access-logger] [b8db3670-c9bf-4315-adc4-bc1ff4a41155] 200 /api/v1/messages/ 370ms
2021-02-03 04:12:18+00:00 [access-logger] [4052507e-4e86-47dd-81c9-4e80c6609a21] 200 /api/v1/messages/ 1664ms
2021-02-03 04:13:48+00:00 [access-logger] [d8d100c9-d8d4-48b7-a22a-647beaffcc76] 200 /api/v1/messages/ 356ms
2021-02-03 04:13:52+00:00 [access-logger] [5faf8a58-309b-4556-a9b2-cd1cd602b749] 200 /api/v1/messages/ 2953ms
2021-02-03 04:14:02+00:00 [access-logger] [e78f8830-4602-49f7-a121-eeca47b00475] 200 /api/v1/messages/ 328ms
2021-02-03 04:14:05+00:00 [access-logger] [b1c69220-6c15-4118-8ecd-389a654b2639] 200 /api/v1/messages/ 1743ms
2021-02-03 04:14:20+00:00 [access-logger] [0f83ad86-3aee-40a6-b44f-f2de214bfc49] 200 /api/v1/messages/ 433ms
2021-02-03 04:14:24+00:00 [access-logger] [42087ab5-a833-4343-bfac-503e376c30b7] 200 /api/v1/messages/ 2512ms
2021-02-03 04:14:53+00:00 [access-logger] [0a3d4565-d2ff-4ef2-bbe2-f66a19f9af7c] 200 /api/v1/messages/ 372ms
2021-02-03 04:14:56+00:00 [access-logger] [bea4bee4-c226-4bd5-81f2-2ee11eb2bfa6] 200 /api/v1/messages/ 1819ms
2021-02-03 04:15:35+00:00 [access-logger] [73b990ec-d9ca-43dd-bc28-42a1418be517] 200 /api/v1/messages/ 260ms
2021-02-03 04:15:38+00:00 [access-logger] [f3c9346d-9443-4f8a-b9cc-206a1a12de98] 200 /api/v1/messages/ 1478ms
2021-02-03 04:31:04+00:00 [access-logger] [e480d1f6-30f8-4388-b1df-44772ee16e63] 500 /api/v1/messages/ 1403ms
2021-02-03 04:31:23+00:00 [access-logger] [125859df-ab9c-4986-97b7-7569d1a89638] 500 /api/v1/messages/ 374ms
2021-02-03 04:31:42+00:00 [access-logger] [891173a6-8745-4940-a66f-1c7bf0c3cf9d] 200 /api/v1/messages/ 372ms
2021-02-03 04:31:49+00:00 [access-logger] [dfac5dae-502c-4eb4-8f68-3e48c5008e4a] 200 /api/v1/messages/ 1636ms
2021-02-03 04:33:48+00:00 [access-logger] [c63f0547-448f-4199-99e1-d82ca5d9b11f] 200 /api/v1/messages/ 1129ms
2021-02-03 04:33:50+00:00 [access-logger] [1dd7170c-5946-4ef2-b6a8-a83227801da4] 500 /api/v1/messages/ 1548ms
2021-02-03 04:34:16+00:00 [access-logger] [45a8ceb1-9d72-4295-bb3b-dc054ca8cf15] 200 /api/v1/messages/ 334ms
2021-02-03 04:34:22+00:00 [access-logger] [d280070c-f9d9-43f7-8e4a-3ea21497bc0a] 200 /api/v1/messages/ 1472ms
2021-02-03 04:34:57+00:00 [access-logger] [5b39129d-707d-4e57-bee5-23bd2027a26e] 200 /api/v1/messages/ 343ms
2021-02-03 04:35:08+00:00 [access-logger] [32b38ad1-ba1d-4cee-b3e7-d397d725ce84] 200 /api/v1/messages/ 1500ms
2021-02-03 04:35:43+00:00 [access-logger] [6788fbb9-42b8-4395-9b1d-ebbe601a3aac] 200 /api/v1/messages/ 951ms
2021-02-03 04:35:55+00:00 [access-logger] [6183ff6d-b2ef-441d-9aff-4b3c491e9c89] 500 /api/v1/messages/ 340ms
2021-02-03 04:36:16+00:00 [access-logger] [13c2e755-22bd-4d94-a482-ad1c5531e64c] 200 /api/v1/messages/ 372ms
2021-02-03 04:36:20+00:00 [access-logger] [ded45a3b-2e3c-407a-b182-249b408b44dd] 200 /api/v1/messages/ 1657ms
2021-02-03 04:40:22+00:00 [access-logger] [4f5d170d-dd56-4547-8843-6c1e3fdadef8] 200 /api/v1/messages/ 362ms
2021-02-03 04:40:23+00:00 [access-logger] [4aecf1d6-1620-49bb-b650-758dced2d4a8] 200 /api/v1/messages/ 343ms
2021-02-03 04:40:42+00:00 [access-logger] [16433e47-a340-4aa1-9aee-7a1c9ff12690] 200 /api/v1/messages/ 356ms
2021-02-03 04:40:44+00:00 [access-logger] [35ce7261-e39c-47d6-816a-ee97c59dde70] 200 /api/v1/messages/ 340ms
2021-02-03 04:40:48+00:00 [access-logger] [e52eb2ce-d601-4efd-b9c6-974ae6f67713] 200 /api/v1/messages/ 302ms
2021-02-03 04:40:49+00:00 [access-logger] [8818d28a-0ff6-4b51-bce4-101170fa475b] 200 /api/v1/messages/ 356ms
2021-02-03 04:41:05+00:00 [access-logger] [5518b119-4c0d-4e10-b10a-5919e8540106] 200 /api/v1/messages/ 312ms
2021-02-03 04:41:06+00:00 [access-logger] [8fc7a1ee-fdcb-4b72-a41e-971e471db0b8] 200 /api/v1/messages/ 351ms
2021-02-03 04:41:13+00:00 [access-logger] [ee04f64f-5e5c-4a3a-8ca0-1cc4e86141a1] 200 /api/v1/messages/ 343ms
2021-02-03 04:41:14+00:00 [access-logger] [36c22a7a-78b4-4267-ae5c-32b4ffed35be] 200 /api/v1/messages/ 350ms
2021-02-03 04:46:49+00:00 [access-logger] [8c24a0d9-b312-4695-87e8-16d2c44e5746] 200 /api/v1/messages/ 412ms
2021-02-03 04:46:51+00:00 [access-logger] [6cefd9bc-888e-44c9-8343-f96723512f91] 200 /api/v1/messages/ 1559ms
2021-02-03 04:47:25+00:00 [access-logger] [f03c5d5e-6d2c-4d2f-b986-8044df5c177a] 200 /api/v1/messages/ 421ms
2021-02-03 04:47:27+00:00 [access-logger] [3c7ce518-6dea-4790-9157-4ad1b6368fe1] 200 /api/v1/messages/ 1670ms
2021-02-03 04:47:36+00:00 [access-logger] [7b62954a-6b36-44b3-a07f-131513a71945] 200 /api/v1/messages/ 204ms
2021-02-03 04:50:42+00:00 [access-logger] [4716f1c0-dd97-497b-bbf3-03b6c0b981af] 200 /api/v1/messages/ 6863ms
2021-02-03 04:53:09+00:00 [access-logger] [49d1f376-81c2-4af1-9d38-6258c9503c1f] 200 /api/v1/messages/ 975ms
2021-02-03 04:55:33+00:00 [access-logger] [3bce704c-1ada-4cab-925c-f9e8b786d002] 200 /api/v1/messages/ 815ms
2021-02-03 04:55:56+00:00 [access-logger] [1c48fa94-fc33-49b5-a7d5-519823abc7de] 200 /api/v1/messages/ 1530ms
2021-02-03 04:56:38+00:00 [access-logger] [78151fa3-e071-4dd6-8cc1-1fc318e9ed5d] 200 /api/v1/messages/ 211ms
2021-02-03 04:57:06+00:00 [access-logger] [d71aea89-4db2-46b4-b604-3cc371fa1f91] 200 /api/v1/messages/ 337ms
2021-02-03 04:57:10+00:00 [access-logger] [d711887b-acdb-42f3-abd1-263e07d6f101] 200 /api/v1/messages/ 1449ms
2021-02-03 04:57:13+00:00 [access-logger] [c82ffd76-d056-49b1-a8da-343e04607444] 200 /api/v1/messages/ 585ms
2021-02-03 04:57:33+00:00 [access-logger] [1a2638ef-34ae-4beb-b895-a7ee8cf83ba4] 200 /api/v1/messages/ 317ms
2021-02-03 04:58:10+00:00 [access-logger] [17d82925-39f7-4eb0-ab0f-b6995099a1a3] 200 /api/v1/messages/ 1605ms
2021-02-03 04:58:19+00:00 [access-logger] [652a0f12-3487-4d45-afb9-c92ec178510b] 200 /api/v1/messages/ 200ms
2021-02-03 04:59:35+00:00 [access-logger] [9e6b1983-ccb6-4226-a8f6-4d0d7c0342c7] 200 /api/v1/messages/ 315ms
2021-02-03 04:59:38+00:00 [access-logger] [738aaf79-9239-4662-8e52-c43573b00b5c] 200 /api/v1/messages/ 1522ms
2021-02-03 04:59:42+00:00 [access-logger] [d1b1b29c-cefa-463f-af4c-ec361d9d0664] 200 /api/v1/messages/ 123ms
2021-02-03 05:00:27+00:00 [access-logger] [5eb63985-5577-4cc4-801f-aa4622a0337d] 200 /api/v1/messages/ 283ms
2021-02-03 05:00:33+00:00 [access-logger] [983bc94f-45a9-464f-8581-18ab3cb1e24c] 200 /api/v1/messages/ 1547ms
2021-02-03 05:00:37+00:00 [access-logger] [10600665-bef5-46b3-a35d-c3a24cbc98f1] 200 /api/v1/messages/ 172ms
2021-02-03 05:00:50+00:00 [access-logger] [7bfffa22-c552-4b05-9c42-66780b08e62c] 200 /api/v1/messages/ 328ms
2021-02-03 05:00:53+00:00 [access-logger] [f14997e6-f52b-4171-8a5c-9a4928f729d0] 200 /api/v1/messages/ 1390ms
2021-02-03 05:00:56+00:00 [access-logger] [3550edfe-0bbe-40df-9908-775e0e7131d8] 200 /api/v1/messages/ 140ms
2021-02-03 05:03:47+00:00 [access-logger] [8f26f7e7-fe14-47b1-bd5e-312175ed5b80] 500 /api/v1/messages/ 1341ms
2021-02-03 05:04:29+00:00 [access-logger] [35c066af-c110-4572-94a5-bdd4e435ee05] 200 /api/v1/messages/ 4814ms
2021-02-03 05:04:33+00:00 [access-logger] [f50f4e4e-7997-49bf-8833-cc6cb9c0f511] 200 /api/v1/messages/ 1431ms
2021-02-03 05:05:06+00:00 [access-logger] [09a2f857-dbba-4b30-83d7-942ab09523c6] 200 /api/v1/messages/ 120ms
2021-02-03 05:07:53+00:00 [access-logger] [e29701f0-e256-4bbe-99e3-d6420c3da568] 200 /api/v1/messages/ 2985ms
2021-02-03 05:07:56+00:00 [access-logger] [b01d064d-af03-4131-853c-608bb8d422f6] 200 /api/v1/messages/ 1431ms
2021-02-03 05:07:59+00:00 [access-logger] [f6c19b9c-09b1-4159-ac72-6e61622431fb] 200 /api/v1/messages/ 154ms
2021-02-03 05:08:08+00:00 [access-logger] [8dc578d3-5cae-4eee-9f18-e1016f05b4b7] 200 /api/v1/messages/ 283ms
2021-02-03 05:08:11+00:00 [access-logger] [4a5774d5-a6a0-408a-b280-8f7a64d791b7] 200 /api/v1/messages/ 1325ms
2021-02-03 05:08:14+00:00 [access-logger] [3a14cc59-00ae-4c2a-b6a5-23e73ed4a5fa] 200 /api/v1/messages/ 125ms
2021-02-03 05:08:30+00:00 [access-logger] [cd4098eb-3d36-41e2-9649-7789448d32ee] 200 /api/v1/messages/ 311ms
2021-02-03 05:08:40+00:00 [access-logger] [1127f595-4b0f-4978-a676-ba875a7924fe] 200 /api/v1/messages/ 114ms
2021-02-03 05:08:44+00:00 [access-logger] [1120c1f8-ead2-403c-b18b-9cac326fc664] 200 /api/v1/messages/ 1486ms
2021-02-03 05:08:49+00:00 [access-logger] [1f68d00e-9a9b-4138-8f82-3371b50f3c90] 200 /api/v1/messages/ 110ms
2021-02-03 05:09:26+00:00 [access-logger] [9078deb1-a625-496a-9829-24440310d23c] 200 /api/v1/messages/ 288ms
2021-02-03 05:13:25+00:00 [access-logger] [3780c537-c16b-4416-92e6-d698c018f652] 200 /api/v1/messages/ 2003ms
2021-02-03 05:13:28+00:00 [access-logger] [f5fe625d-adcb-4cac-bb7d-d4d71643f6aa] 200 /api/v1/messages/ 117ms
2021-02-03 05:14:41+00:00 [access-logger] [335a428a-4c5f-4fcc-9396-1cbe3204dbbe] 200 /api/v1/messages/ 330ms
2021-02-03 05:14:43+00:00 [access-logger] [810837a5-7b70-4754-9b37-5b5f2adef1d3] 200 /api/v1/messages/ 1424ms
2021-02-03 05:14:54+00:00 [access-logger] [48d5efd6-f557-4d34-8927-d524452664d6] 200 /api/v1/messages/ 323ms
2021-02-03 05:14:57+00:00 [access-logger] [831b217c-3540-4f73-ae12-1ba9c90698f3] 200 /api/v1/messages/ 1557ms
2021-02-03 05:15:00+00:00 [access-logger] [5d945571-0289-47f7-b451-124d4a43bff5] 500 /api/v1/messages/ 117ms
2021-02-03 05:15:24+00:00 [access-logger] [b3daf519-e004-4a59-8af7-46a2a3934bec] 200 /api/v1/messages/ 330ms
2021-02-03 05:15:27+00:00 [access-logger] [6eee6cec-492b-44aa-b673-a3243c8ebdfc] 200 /api/v1/messages/ 1363ms
2021-02-03 05:15:29+00:00 [access-logger] [7075d07a-83e4-4a07-97a0-ca6e151d6453] 500 /api/v1/messages/ 123ms
2021-02-03 05:15:53+00:00 [access-logger] [7a3eabb4-431b-4d13-8d00-8e883002d8da] 200 /api/v1/messages/ 470ms
2021-02-03 05:15:55+00:00 [access-logger] [9b0ba86a-9b1b-4d27-b957-8402b396f809] 200 /api/v1/messages/ 1403ms
2021-02-03 05:16:01+00:00 [access-logger] [34a7041e-bb7b-4297-b240-109085248fa0] 200 /api/v1/messages/ 131ms
2021-02-03 05:33:31+00:00 [access-logger] [24bb8b16-60f6-46c8-bb27-968d7849fa8c] 200 /api/v1/messages/ 367ms
2021-02-03 05:33:35+00:00 [access-logger] [c21aa978-f676-4d0a-b41b-8b85a4c65406] 200 /api/v1/messages/ 1488ms
2021-02-03 05:33:39+00:00 [access-logger] [ebbd3844-4b2f-443c-bbab-bc15a344fc23] 200 /api/v1/messages/ 118ms
2021-02-03 05:34:08+00:00 [access-logger] [d020caf0-b836-495b-b94d-7fafb570330c] 200 /api/v1/messages/ 310ms
2021-02-03 05:34:11+00:00 [access-logger] [de815fb7-8793-4cf9-9a5b-6a1d2da6cb48] 200 /api/v1/messages/ 1610ms
2021-02-03 05:34:14+00:00 [access-logger] [26a21503-d814-433f-99ec-89ae4d14bb14] 200 /api/v1/messages/ 327ms
2021-02-03 05:34:53+00:00 [access-logger] [b7be32c2-3482-487e-88ac-45623b7bad55] 200 /api/v1/messages/ 299ms
2021-02-03 05:34:55+00:00 [access-logger] [a756b67c-fae3-4a67-bfc0-cf0133da7d3f] 200 /api/v1/messages/ 1426ms
2021-02-03 05:34:57+00:00 [access-logger] [6340a383-f33d-4bd2-be3d-6eba24f33388] 500 /api/v1/messages/ 122ms
2021-02-03 05:35:15+00:00 [access-logger] [48f82119-4b37-4aae-8494-b7acd1feae44] 200 /api/v1/messages/ 287ms
2021-02-03 05:35:17+00:00 [access-logger] [401ae92c-4046-40e1-9897-d85ae944f3f6] 200 /api/v1/messages/ 116ms
2021-02-03 05:35:21+00:00 [access-logger] [6712b4e3-beba-4789-9f0b-c52484253af0] 200 /api/v1/messages/ 1499ms
2021-02-03 05:35:25+00:00 [access-logger] [def84962-ec27-4930-a6b6-f90df453573d] 200 /api/v1/messages/ 128ms
2021-02-03 05:37:25+00:00 [access-logger] [3350d899-73cd-47f7-b4e4-a4386e2f43c7] 200 /api/v1/messages/ 343ms
2021-02-03 05:37:27+00:00 [access-logger] [4a08fee1-67dc-4336-adf6-8ed0f6e086bc] 200 /api/v1/messages/ 1567ms
2021-02-03 05:38:01+00:00 [access-logger] [b702c178-74f7-4077-8252-30ccb0a6d9f2] 200 /api/v1/messages/ 318ms
2021-02-03 05:38:03+00:00 [access-logger] [dd330e4a-3db4-4b7b-a332-6d0dd2a31100] 200 /api/v1/messages/ 1429ms
2021-02-03 05:38:34+00:00 [access-logger] [267456a3-b85a-4732-ae2b-34fd7e17a753] 200 /api/v1/messages/ 2861ms
2021-02-03 05:38:38+00:00 [access-logger] [546815b6-e4da-4c12-8b38-4946a857526d] 200 /api/v1/messages/ 1693ms
2021-02-03 05:40:12+00:00 [access-logger] [37341160-7f1e-4582-85ef-73509283b1c5] 200 /api/v1/messages/ 838ms
2021-02-03 05:40:15+00:00 [access-logger] [dcda1622-8228-4eb6-9fb2-817f9abded63] 200 /api/v1/messages/ 1956ms
2021-02-03 05:41:03+00:00 [access-logger] [834654c9-1458-4ff7-b577-b7e9bc98014c] 200 /api/v1/messages/ 855ms
2021-02-03 05:41:05+00:00 [access-logger] [8b07a4f9-dac0-48d3-8562-f61885fc7a81] 200 /api/v1/messages/ 1497ms
2021-02-03 05:41:09+00:00 [access-logger] [4b34cc9a-31d6-40fc-bd71-88c783630256] 200 /api/v1/messages/ 122ms
2021-02-03 05:49:00+00:00 [access-logger] [a5d1f4a2-fded-42ab-bf56-093bc0623092] 200 /api/v1/messages/ 976ms
2021-02-03 05:49:03+00:00 [access-logger] [d948704b-e3d6-47f1-8b35-07432ed40175] 200 /api/v1/messages/ 1605ms
2021-02-03 05:49:05+00:00 [access-logger] [d1bfdd44-78b0-4998-9b02-8cf36ffa7d84] 500 /api/v1/messages/ 148ms
2021-02-03 05:49:25+00:00 [access-logger] [7a63208e-e936-4c60-b187-177d6262e092] 200 /api/v1/messages/ 322ms
2021-02-03 05:49:28+00:00 [access-logger] [9f04281c-08b9-4446-894e-d2bd802152e8] 200 /api/v1/messages/ 1495ms
2021-02-03 05:49:31+00:00 [access-logger] [94bab712-36e3-463d-8ed5-3fadf951f479] 200 /api/v1/messages/ 167ms
2021-02-03 05:49:35+00:00 [access-logger] [fc803f9c-b9c6-48b2-8bbd-d0f56f54db23] 200 /api/v1/messages/ 293ms
2021-02-03 05:49:38+00:00 [access-logger] [848f7d02-3a58-44c3-b91e-a7a1e8c7de4e] 200 /api/v1/messages/ 1589ms
2021-02-03 05:49:41+00:00 [access-logger] [ad576534-07e7-43dc-8de1-88c7b8d502d8] 200 /api/v1/messages/ 118ms
2021-02-03 05:49:49+00:00 [access-logger] [c008f75b-4920-451e-a17c-0dbbe327843d] 200 /api/v1/messages/ 459ms
2021-02-03 05:49:51+00:00 [access-logger] [2f3630cc-b2d4-4fd8-b6da-5942698e333a] 200 /api/v1/messages/ 1510ms
2021-02-03 05:49:53+00:00 [access-logger] [aae8957d-03d3-4fac-bd26-4401fbd5f32b] 200 /api/v1/messages/ 117ms
2021-02-03 05:50:16+00:00 [access-logger] [565f3ffc-2c6a-4eb9-9ddf-c3269e40f22b] 200 /api/v1/messages/ 295ms
2021-02-03 05:50:19+00:00 [access-logger] [d93c9f2d-7723-4e7f-beb9-2698949c70d6] 200 /api/v1/messages/ 1372ms
2021-02-03 05:50:21+00:00 [access-logger] [3e75af82-8d3a-4d48-95fa-be34d1d497a8] 200 /api/v1/messages/ 113ms
2021-02-03 05:50:37+00:00 [access-logger] [22590006-d3be-4f86-98f1-08004c19e36a] 200 /api/v1/messages/ 434ms
2021-02-03 05:50:43+00:00 [access-logger] [9cecb15a-6e71-457c-8669-27704d7355ce] 200 /api/v1/messages/ 1535ms
2021-02-03 05:50:44+00:00 [access-logger] [8f16f31e-cadd-44e6-bb09-fb8dc52ecd20] 200 /api/v1/messages/ 125ms
2021-02-03 05:51:59+00:00 [access-logger] [172994bc-21e5-4cf6-b5e6-ad3ac2b5280f] 200 /api/v1/messages/ 337ms
2021-02-03 05:52:01+00:00 [access-logger] [86ded317-1653-48b0-a7d2-bd85b264b3f2] 200 /api/v1/messages/ 1610ms
2021-02-03 05:52:05+00:00 [access-logger] [6a2161f1-8157-4801-a9f8-71c5db62e1ee] 200 /api/v1/messages/ 119ms
2021-02-03 05:53:11+00:00 [access-logger] [0395080a-4ee2-47e2-89d1-9a2c7a0befe0] 200 /api/v1/messages/ 972ms
2021-02-03 05:53:15+00:00 [access-logger] [d6bccadb-ed3c-4d25-b6b1-22d073380834] 200 /api/v1/messages/ 2219ms
2021-02-03 05:53:16+00:00 [access-logger] [f1d0aa89-3e7c-4558-a71f-4c9dcd253dab] 200 /api/v1/messages/ 117ms
2021-02-03 05:54:00+00:00 [access-logger] [614ba01e-c0a5-4e88-8f25-18d7f3c19d45] 200 /api/v1/messages/ 342ms
2021-02-03 05:54:02+00:00 [access-logger] [383378cf-2e1d-40d9-9c9c-8b1bcb50a4a2] 200 /api/v1/messages/ 1583ms
2021-02-03 05:54:04+00:00 [access-logger] [40f181b7-66e4-43ef-8ec1-ac602ad57338] 200 /api/v1/messages/ 116ms
2021-02-03 05:57:31+00:00 [access-logger] [b1a1a354-d628-43c4-9cc7-fd4d1d492bf4] 200 /api/v1/messages/ 316ms
2021-02-03 05:57:33+00:00 [access-logger] [7dc99880-4eed-4048-a31a-b939c93d966e] 200 /api/v1/messages/ 1515ms
2021-02-03 05:57:37+00:00 [access-logger] [8d292d40-7cf4-4722-b908-9d19cc866d84] 200 /api/v1/messages/ 127ms
2021-02-03 05:57:49+00:00 [access-logger] [52706733-3d2d-435a-8354-e7b2a7b42fdd] 200 /api/v1/messages/ 1533ms
2021-02-03 05:57:52+00:00 [access-logger] [e9d18046-7733-4a0a-b131-ed812ca1b334] 200 /api/v1/messages/ 115ms
2021-02-03 05:58:38+00:00 [access-logger] [bb27c224-9eb4-4a98-b887-162e743e6b40] 200 /api/v1/messages/ 10115ms
2021-02-03 05:58:40+00:00 [access-logger] [37dcd646-d542-44bb-a213-9e6eb1c79dec] 200 /api/v1/messages/ 116ms
2021-02-03 05:58:48+00:00 [access-logger] [7bab44c2-a6e7-4f40-920a-35a38cc937c9] 200 /api/v1/messages/ 1699ms
2021-02-03 05:58:50+00:00 [access-logger] [3122993c-5e96-4797-837d-81f0654291f3] 200 /api/v1/messages/ 117ms
2021-02-03 06:00:12+00:00 [access-logger] [9bc9420a-ed45-41f2-a01f-fc37166089bc] 200 /api/v1/messages/ 344ms
2021-02-03 06:00:13+00:00 [access-logger] [03f46a87-dc29-4f93-b26c-a07ea1d862df] 200 /api/v1/messages/ 253ms
2021-02-03 06:00:14+00:00 [access-logger] [f22d50eb-cbc8-41b7-b2ad-14b9fad467a2] 200 /api/v1/messages/ 134ms
2021-02-03 06:00:34+00:00 [access-logger] [aa076036-8d91-4adf-8888-0dd01137813e] 200 /api/v1/messages/ 407ms
2021-02-03 06:00:35+00:00 [access-logger] [72992bdd-5f7d-467b-97d7-6699ae6b9157] 200 /api/v1/messages/ 245ms
2021-02-03 06:01:04+00:00 [access-logger] [1d850e20-9549-4887-84c1-984206c82192] 200 /api/v1/messages/ 349ms
2021-02-03 06:01:21+00:00 [access-logger] [0542ba39-8dc6-4af4-993b-60bb472470e4] 200 /api/v1/messages/ 273ms
2021-02-03 06:02:10+00:00 [access-logger] [39c4c673-9fba-4048-b93e-100d2f799247] 200 /api/v1/messages/ 1075ms
2021-02-03 06:02:11+00:00 [access-logger] [c465800d-f5c6-4313-ab12-44c75e1f5c46] 200 /api/v1/messages/ 335ms
2021-02-03 06:02:41+00:00 [access-logger] [cf615194-d611-4178-84c5-ad6124d914c1] 200 /api/v1/messages/ 363ms
2021-02-03 06:02:43+00:00 [access-logger] [8e046896-fca2-425e-84b5-5a23e0cba36c] 200 /api/v1/messages/ 380ms
2021-02-03 06:03:44+00:00 [access-logger] [d9b52f4f-8c4d-4a2d-afbc-93daa99b19e6] 200 /api/v1/messages/ 425ms
2021-02-03 06:03:45+00:00 [access-logger] [a1ee6dbc-c670-4836-bd2a-89c321f8b605] 200 /api/v1/messages/ 296ms
2021-02-03 06:04:49+00:00 [access-logger] [e641e4bd-8e71-49cf-8b17-b85148dc584f] 200 /api/v1/messages/ 917ms
2021-02-03 06:04:53+00:00 [access-logger] [0e1761ce-0e6f-42e6-ba71-462a1c7bc6dd] 200 /api/v1/messages/ 259ms
2021-02-03 06:06:24+00:00 [access-logger] [e9346eec-dde6-4594-8fc8-842929452927] 200 /api/v1/messages/ 340ms
2021-02-03 06:06:49+00:00 [access-logger] [7abe4bcc-601f-4038-89f8-34ba140e74cb] 200 /api/v1/messages/ 877ms
2021-02-03 06:07:20+00:00 [access-logger] [3e50a8cc-fdf6-4f64-aaca-242a80c7023a] 200 /api/v1/messages/ 286ms
2021-02-03 06:08:17+00:00 [access-logger] [b3ea5e4c-019b-4de4-9715-b84f601662dc] 200 /api/v1/messages/ 408ms
2021-02-03 06:08:18+00:00 [access-logger] [33985f2c-3fe6-442f-90c4-7a4b46277c91] 200 /api/v1/messages/ 135ms
2021-02-03 06:08:22+00:00 [access-logger] [da470874-a202-4ff0-a24a-e1f1ea60b470] 200 /api/v1/messages/ 145ms
2021-02-03 06:08:24+00:00 [access-logger] [4e1d3b1d-bd3d-497b-8cd0-5e8bf1060ec1] 200 /api/v1/messages/ 401ms
2021-02-03 06:08:25+00:00 [access-logger] [1eaefa82-c2a2-4f89-8ca8-fe91a9da491d] 200 /api/v1/messages/ 118ms
2021-02-03 06:08:27+00:00 [access-logger] [ecd3c736-ab83-4f7e-870f-e16bf313fd19] 200 /api/v1/messages/ 135ms
2021-02-03 06:09:25+00:00 [access-logger] [b05c8dba-d725-41dd-bc62-2080e21c6e4a] 200 /api/v1/messages/ 385ms
2021-02-03 06:09:26+00:00 [access-logger] [d3a3b014-8619-4bd8-83dd-e03ffe88e113] 200 /api/v1/messages/ 151ms
2021-02-03 06:09:28+00:00 [access-logger] [45139cc9-4ef8-4a90-9d89-c1273926f05b] 200 /api/v1/messages/ 126ms
2021-02-03 06:15:09+00:00 [access-logger] [f76c557c-66b3-47c6-86f7-251e93a55253] 200 /api/v1/messages/ 634ms
2021-02-03 06:15:13+00:00 [access-logger] [dbc3b97c-048d-42b7-8622-cc22e8f790b7] 200 /api/v1/messages/ 115ms
2021-02-03 06:15:14+00:00 [access-logger] [c1b70fff-04a2-4d91-ac7f-ed18a57208a9] 200 /api/v1/messages/ 120ms
2021-02-03 06:15:17+00:00 [access-logger] [ca39c875-2032-48e9-bdb8-3046f0942756] 200 /api/v1/messages/ 136ms
2021-02-03 06:15:20+00:00 [access-logger] [fd3bb3ba-881a-4456-a833-36850d3fb5fc] 200 /api/v1/messages/ 130ms
2021-02-03 06:15:22+00:00 [access-logger] [8faa0694-b5c5-4caf-b017-81ae844ea0be] 200 /api/v1/messages/ 318ms
2021-02-03 06:15:58+00:00 [access-logger] [73b37339-b687-48bb-9df7-11586f69ac3b] 200 /api/v1/messages/ 772ms
2021-02-03 06:15:59+00:00 [access-logger] [03280800-4edc-4cd2-9824-a63bae4cef02] 200 /api/v1/messages/ 269ms
2021-02-03 06:16:01+00:00 [access-logger] [47481c50-ee29-4f81-b981-e12170ccec6d] 200 /api/v1/messages/ 189ms
2021-02-03 06:16:03+00:00 [access-logger] [a3447bfa-983d-4aa7-87b4-c20e4a36af96] 200 /api/v1/messages/ 135ms
2021-02-03 06:17:18+00:00 [access-logger] [eae1a46d-1c93-4fe2-8112-c270301fec69] 200 /api/v1/messages/ 341ms
2021-02-03 06:17:19+00:00 [access-logger] [d7287c78-cb7d-4738-beb0-6988b23bceb8] 200 /api/v1/messages/ 128ms
2021-02-03 06:17:21+00:00 [access-logger] [cc8d1cda-49b0-4062-bdb2-34df7bed245b] 200 /api/v1/messages/ 151ms
2021-02-03 06:17:24+00:00 [access-logger] [254895dc-5840-4f62-920a-eeee3ead57f1] 200 /api/v1/messages/ 147ms
2021-02-03 06:18:06+00:00 [access-logger] [5c30648c-4875-4193-b626-9dd57de3515b] 200 /api/v1/messages/ 464ms
2021-02-03 06:18:08+00:00 [access-logger] [1153c9e0-621b-498b-aa53-13c3ec43dfaf] 200 /api/v1/messages/ 134ms
2021-02-03 06:18:11+00:00 [access-logger] [3abfd434-e4e3-469d-93c3-0ef5e7e299e4] 200 /api/v1/messages/ 857ms
2021-02-03 06:18:39+00:00 [access-logger] [0cb5cf17-4e16-4b44-aa0f-9270b2f99cc6] 200 /api/v1/messages/ 375ms
2021-02-03 06:18:40+00:00 [access-logger] [482c0f5a-488e-408d-86b3-efd1f1649183] 200 /api/v1/messages/ 123ms
2021-02-03 06:18:42+00:00 [access-logger] [e88f49a7-4913-409d-a687-2c0ffc20e0fa] 200 /api/v1/messages/ 253ms
2021-02-03 06:19:50+00:00 [access-logger] [199d3b87-b459-4dd6-843c-820ce5e9903a] 200 /api/v1/messages/ 413ms
2021-02-03 06:19:51+00:00 [access-logger] [46a8c8e6-c225-4701-8989-875475aa9bf3] 200 /api/v1/messages/ 177ms
2021-02-03 06:19:56+00:00 [access-logger] [07720a77-7382-45c1-a3a0-eacf66df826b] 200 /api/v1/messages/ 131ms
2021-02-03 06:20:06+00:00 [access-logger] [9e49bfcb-194d-4f4b-87b5-16fa004f6e85] 200 /api/v1/messages/ 312ms
2021-02-03 06:20:07+00:00 [access-logger] [04de4869-5f8c-4905-a597-9e544303749f] 200 /api/v1/messages/ 141ms
2021-02-03 06:20:09+00:00 [access-logger] [5f37ca82-7742-4f01-b850-a9612250320b] 200 /api/v1/messages/ 135ms
2021-02-03 06:20:28+00:00 [access-logger] [a28d8c0c-6b1c-45d1-bcd7-7d570600c3e4] 200 /api/v1/messages/ 286ms
2021-02-03 06:20:29+00:00 [access-logger] [75b2069b-78bb-414a-8864-44578fd422a2] 200 /api/v1/messages/ 203ms
2021-02-03 06:20:31+00:00 [access-logger] [0861bf9f-864b-4826-b672-6d7242da2f2d] 200 /api/v1/messages/ 331ms
2021-02-03 06:20:34+00:00 [access-logger] [8f965eff-e4b0-4f93-b44b-87624ecab44d] 200 /api/v1/messages/ 114ms
2021-02-03 06:27:26+00:00 [access-logger] [9db9d390-4823-435b-84a7-b16b98a2258f] 200 /api/v1/messages/ 409ms
2021-02-03 06:27:27+00:00 [access-logger] [fb541c90-ec0d-4aab-85d0-f3aa898e2225] 200 /api/v1/messages/ 145ms
2021-02-03 06:27:30+00:00 [access-logger] [f3237bcb-71da-4b7d-b8c0-d30c9a5eef49] 200 /api/v1/messages/ 595ms
2021-02-03 06:27:34+00:00 [access-logger] [3177a121-0a1e-472f-8476-719c298b81eb] 200 /api/v1/messages/ 821ms
2021-02-03 06:27:36+00:00 [access-logger] [04a330dd-157a-4188-8a91-8f5a3916b31b] 200 /api/v1/messages/ 234ms
2021-02-03 06:29:08+00:00 [access-logger] [733fa2d4-21bb-4008-8601-adcc3730cc29] 200 /api/v1/messages/ 361ms
2021-02-03 06:29:08+00:00 [access-logger] [fd68252e-e7a6-46db-90ca-8a249f805310] 200 /api/v1/messages/ 140ms
2021-02-03 06:29:12+00:00 [access-logger] [52d89947-7cff-42f6-b330-38f86aa9ae24] 200 /api/v1/messages/ 189ms
2021-02-03 06:29:14+00:00 [access-logger] [1961fca1-b27d-45aa-a0ce-c53e4872625d] 200 /api/v1/messages/ 388ms
2021-02-03 06:29:15+00:00 [access-logger] [756f0a80-f511-40b7-96eb-8c72e4323aae] 200 /api/v1/messages/ 198ms
2021-02-03 06:29:41+00:00 [access-logger] [179e9484-9977-4b52-8085-46a2a7ca22b5] 200 /api/v1/messages/ 282ms
2021-02-03 06:29:42+00:00 [access-logger] [6325f217-c1d4-4e5f-ae35-230a1a7a877f] 200 /api/v1/messages/ 234ms
2021-02-03 06:29:45+00:00 [access-logger] [10e38fb9-79d0-4c2e-8bf0-e7b277570b5e] 200 /api/v1/messages/ 260ms
2021-02-03 06:29:46+00:00 [access-logger] [e22b620a-d707-471b-be5b-8013ef772551] 200 /api/v1/messages/ 199ms
2021-02-03 06:29:53+00:00 [access-logger] [aaaf977a-7183-47e8-9b53-0eff47c46ae5] 200 /api/v1/messages/ 346ms
2021-02-03 06:29:55+00:00 [access-logger] [1caf1b9b-713b-4500-8e6a-4fddca3b0fc8] 200 /api/v1/messages/ 125ms
2021-02-03 06:29:57+00:00 [access-logger] [c80ff1cf-f4d4-4157-bdc4-13a17dcb39d6] 200 /api/v1/messages/ 208ms
2021-02-03 06:30:01+00:00 [access-logger] [030b4079-0b9d-48a6-9c4e-50e7adf601b6] 200 /api/v1/messages/ 120ms
2021-02-03 06:30:10+00:00 [access-logger] [0f9b1a84-7e72-49b0-ac5a-dfcb053f0e53] 200 /api/v1/messages/ 135ms
2021-02-03 06:30:54+00:00 [access-logger] [e863cb1a-bf4f-4dec-9c07-57ca4097de50] 200 /api/v1/messages/ 1421ms
2021-02-03 06:30:55+00:00 [access-logger] [92519cc4-31c1-400d-b09f-2e87dc1be704] 200 /api/v1/messages/ 134ms
2021-02-03 06:30:58+00:00 [access-logger] [80f7824d-d212-402f-be7d-9b3e948af401] 200 /api/v1/messages/ 145ms
2021-02-03 06:31:02+00:00 [access-logger] [5b552548-2614-4e84-8e75-92bbef684f26] 200 /api/v1/messages/ 124ms
2021-02-03 06:31:04+00:00 [access-logger] [7d4a22c5-909c-47ab-81e8-c093db982120] 200 /api/v1/messages/ 136ms
2021-02-03 06:31:08+00:00 [access-logger] [165ad95d-f33f-41a4-a125-8f58343fbdde] 200 /api/v1/messages/ 115ms
2021-02-03 06:31:15+00:00 [access-logger] [54f09d87-d45e-4646-bfbd-6e834237d411] 200 /api/v1/messages/ 114ms
2021-02-03 06:32:20+00:00 [access-logger] [8fd30dd1-7452-49aa-bb90-7900f9274a84] 200 /api/v1/messages/ 401ms
2021-02-03 06:32:21+00:00 [access-logger] [4fa3d585-a936-4ef8-897e-407db0306727] 200 /api/v1/messages/ 131ms
2021-02-03 06:32:23+00:00 [access-logger] [f591d5e5-5d46-413b-9e30-0f2463fa437a] 200 /api/v1/messages/ 121ms
2021-02-03 06:32:29+00:00 [access-logger] [1bd5183c-2a90-49cc-a853-b151d3c88b57] 200 /api/v1/messages/ 149ms
2021-02-03 06:32:36+00:00 [access-logger] [845fc2dc-ed37-4032-ad5e-44b399a7c6ff] 200 /api/v1/messages/ 122ms
2021-02-03 06:32:42+00:00 [access-logger] [62b8f65b-5195-4e9a-8087-f161f360a833] 200 /api/v1/messages/ 306ms
2021-02-03 06:33:00+00:00 [access-logger] [eb9eb34a-e417-46aa-9e24-f4eeda4ab599] 200 /api/v1/messages/ 387ms
2021-02-03 06:33:01+00:00 [access-logger] [1a4ef6e7-4f3f-4d19-b79c-4372d6f20224] 200 /api/v1/messages/ 136ms
2021-02-03 06:33:03+00:00 [access-logger] [a06cb5b6-d2fc-476c-8da8-41c08a236098] 200 /api/v1/messages/ 113ms
2021-02-03 06:33:05+00:00 [access-logger] [5c494adc-bf1f-4fa9-bd00-86bba7e2a226] 200 /api/v1/messages/ 129ms
2021-02-03 06:33:09+00:00 [access-logger] [11d8fd8e-9b67-427a-942a-2607b01d9de1] 200 /api/v1/messages/ 307ms
2021-02-03 06:33:10+00:00 [access-logger] [e249a44f-bd79-47ae-82e1-990004c05a9c] 200 /api/v1/messages/ 207ms
2021-02-03 06:33:13+00:00 [access-logger] [542a99fb-c269-4dd5-89ca-1ad071a4eac6] 200 /api/v1/messages/ 232ms
2021-02-03 06:34:27+00:00 [access-logger] [c3f850db-d4b9-4c70-ab99-effbe31e88b5] 200 /api/v1/messages/ 379ms
2021-02-03 06:34:28+00:00 [access-logger] [5f646abf-1716-464b-b40d-9504c0627376] 200 /api/v1/messages/ 330ms
2021-02-03 06:34:32+00:00 [access-logger] [4166f936-af28-4423-a3bf-42be905af411] 200 /api/v1/messages/ 132ms
2021-02-03 06:34:33+00:00 [access-logger] [6c586e1e-6285-4103-a3c7-2277bd22e6a7] 200 /api/v1/messages/ 190ms
2021-02-03 06:34:37+00:00 [access-logger] [59761c57-eda9-47a2-8024-3e9e20f45c93] 500 /api/v1/messages/ 152ms
2021-02-03 06:34:48+00:00 [access-logger] [695f6569-5869-42b8-8222-c237a8c3ec68] 200 /api/v1/messages/ 338ms
2021-02-03 06:34:50+00:00 [access-logger] [32df896d-f21a-4cee-871b-11a23c6b4bcc] 200 /api/v1/messages/ 144ms
2021-02-03 06:34:52+00:00 [access-logger] [645b289f-30ef-497b-a5b6-f7c426a9d1b6] 200 /api/v1/messages/ 129ms
2021-02-03 06:34:55+00:00 [access-logger] [ff3ba159-ce4f-4e9d-9841-84e43823620e] 200 /api/v1/messages/ 163ms
2021-02-03 06:34:59+00:00 [access-logger] [b1aab082-e462-4485-9b35-67485524ac65] 200 /api/v1/messages/ 165ms
2021-02-03 06:35:02+00:00 [access-logger] [907fa71b-ab9b-4222-8874-d0d3b34497a5] 200 /api/v1/messages/ 298ms
2021-02-03 06:35:04+00:00 [access-logger] [09f22223-0deb-4626-a558-1abc61f0f417] 200 /api/v1/messages/ 121ms
2021-02-03 06:35:06+00:00 [access-logger] [ae2a7f96-0367-40da-9e17-6e34b9138878] 200 /api/v1/messages/ 115ms
2021-02-03 06:35:10+00:00 [access-logger] [fd0dc15c-4ad0-458a-8b72-bcf0db097ec1] 200 /api/v1/messages/ 158ms
2021-02-03 06:35:17+00:00 [access-logger] [b35278b9-3379-4feb-9e02-f89269b30a49] 200 /api/v1/messages/ 341ms
2021-02-03 06:35:18+00:00 [access-logger] [44d69e1d-57ea-44e4-8e3b-fd1163d7f73d] 200 /api/v1/messages/ 208ms
2021-02-03 06:35:23+00:00 [access-logger] [c5b61a4b-fa76-4385-bd6a-4cb5459a0212] 200 /api/v1/messages/ 126ms
2021-02-03 06:35:30+00:00 [access-logger] [576daea2-14c9-4fcf-b0bc-cddd560ac381] 200 /api/v1/messages/ 144ms
2021-02-03 06:35:33+00:00 [access-logger] [5839174e-40a7-45dc-9da7-646e5b09dbb0] 200 /api/v1/messages/ 298ms
2021-02-03 06:35:34+00:00 [access-logger] [89770aa3-6c4b-4dd7-92a6-96f947bf797e] 200 /api/v1/messages/ 122ms
2021-02-03 06:35:39+00:00 [access-logger] [782af61b-139d-4af9-8baa-b35dfb05cbd3] 200 /api/v1/messages/ 145ms
2021-02-03 06:35:41+00:00 [access-logger] [c889b6c0-9b74-4bae-956c-77733978e4a6] 200 /api/v1/messages/ 131ms
2021-02-03 06:35:44+00:00 [access-logger] [7a9259f9-fcf3-4850-87ad-7e3a01c242e7] 200 /api/v1/messages/ 130ms
2021-02-03 06:35:47+00:00 [access-logger] [331cfa24-d903-4e5b-bd58-2ffabe7d5e84] 200 /api/v1/messages/ 199ms
2021-02-03 06:35:50+00:00 [access-logger] [c19bb279-8f2e-49a8-a491-79698aeed54e] 200 /api/v1/messages/ 448ms
2021-02-03 06:35:51+00:00 [access-logger] [101796a3-c947-4aa5-b1b6-7a1cf23383c8] 200 /api/v1/messages/ 125ms
2021-02-03 06:35:57+00:00 [access-logger] [dc58d716-c6b4-4ff7-a1a3-84712d964fbe] 200 /api/v1/messages/ 117ms
2021-02-03 06:36:01+00:00 [access-logger] [bf6a530f-54a8-4518-b4bd-a468ec725133] 200 /api/v1/messages/ 130ms
2021-02-03 06:36:13+00:00 [access-logger] [65e87bac-2106-4efd-8614-7924e4732cbc] 200 /api/v1/messages/ 329ms
2021-02-03 06:36:14+00:00 [access-logger] [f1fa18fb-9c69-4261-b1e7-39eb87564d93] 200 /api/v1/messages/ 208ms
2021-02-03 06:36:16+00:00 [access-logger] [868e0b4b-5a4f-4807-b3d5-4f3e83d65448] 200 /api/v1/messages/ 131ms
2021-02-03 06:36:18+00:00 [access-logger] [896fd103-2b1a-4610-a030-e69291ccafd9] 200 /api/v1/messages/ 124ms
2021-02-03 06:36:21+00:00 [access-logger] [dc72ae8f-ac55-497a-b3e0-11a250bca548] 200 /api/v1/messages/ 125ms
2021-02-03 06:38:07+00:00 [access-logger] [8a77413f-3a8e-4423-b886-0ae1329f2743] 200 /api/v1/messages/ 322ms
2021-02-03 06:38:08+00:00 [access-logger] [bf4c6780-49a2-417b-a955-4d585d7078b5] 200 /api/v1/messages/ 157ms
2021-02-03 06:38:11+00:00 [access-logger] [5473ebb3-8256-4cb5-9083-5e30af4d37b3] 200 /api/v1/messages/ 138ms
2021-02-03 06:38:15+00:00 [access-logger] [65027931-1c60-4e79-bb6f-7e925062e921] 200 /api/v1/messages/ 130ms
2021-02-03 06:38:17+00:00 [access-logger] [258b877b-605a-4b72-8916-e363854d0fde] 200 /api/v1/messages/ 344ms
2021-02-03 06:38:18+00:00 [access-logger] [0b3941bc-7096-42ee-b8b7-da53e9a8fde2] 200 /api/v1/messages/ 125ms
2021-02-03 06:38:25+00:00 [access-logger] [863c887d-fd55-445a-8a8d-6d7914cd7e60] 200 /api/v1/messages/ 144ms
2021-02-03 06:38:27+00:00 [access-logger] [b58e10e5-f6cf-4187-a718-565ccfe1474a] 200 /api/v1/messages/ 123ms
2021-02-03 06:38:34+00:00 [access-logger] [009077a7-7d45-461f-baeb-df19cc0c28da] 200 /api/v1/messages/ 138ms
2021-02-03 06:39:10+00:00 [access-logger] [9be9291e-0fc3-43e7-9f79-8a4a14ca6c84] 200 /api/v1/messages/ 149ms
2021-02-03 06:39:17+00:00 [access-logger] [3ca4cb57-cfa5-4294-929c-3928017b5aea] 200 /api/v1/messages/ 108ms
2021-02-03 06:39:23+00:00 [access-logger] [c6e66797-6484-49d1-b65a-4ad2cb105890] 200 /api/v1/messages/ 120ms
2021-02-03 06:39:29+00:00 [access-logger] [4139becf-577a-4ae3-9923-dfbbb4b338f1] 200 /api/v1/messages/ 378ms
2021-02-03 06:39:30+00:00 [access-logger] [d2e6a628-9241-4065-962d-413eab524b31] 200 /api/v1/messages/ 128ms
2021-02-03 06:39:33+00:00 [access-logger] [e2209d73-01dc-4e28-bc0e-95df96785c15] 200 /api/v1/messages/ 130ms
2021-02-03 06:39:38+00:00 [access-logger] [d4a98f9b-6817-4a9f-a1b4-462dc32cc5cd] 200 /api/v1/messages/ 130ms
2021-02-03 06:39:42+00:00 [access-logger] [81936010-4c96-4f95-b50f-d40619839b7a] 200 /api/v1/messages/ 137ms
2021-02-03 06:39:50+00:00 [access-logger] [8a7c93fb-1783-4f9a-b308-2fcca6924797] 200 /api/v1/messages/ 136ms
2021-02-03 06:39:56+00:00 [access-logger] [51d6e0a5-e187-4d66-bdcb-d699b3b76eea] 200 /api/v1/messages/ 127ms
2021-02-03 06:40:01+00:00 [access-logger] [6229311f-ec8b-479a-aa1b-85d77634cc58] 200 /api/v1/messages/ 134ms
2021-02-03 06:40:09+00:00 [access-logger] [98d6b1f5-bea7-45a0-9a05-abd76dcd1fc4] 200 /api/v1/messages/ 280ms
2021-02-03 06:40:14+00:00 [access-logger] [fcca22d5-e44b-49cc-8507-6f359dacb938] 200 /api/v1/messages/ 132ms
2021-02-03 06:40:26+00:00 [access-logger] [6115884f-d450-4ace-9c67-a8359ccdf041] 200 /api/v1/messages/ 130ms
2021-02-03 06:40:37+00:00 [access-logger] [e588e3fd-c3ce-481f-a1d9-4b3e7cef726f] 200 /api/v1/messages/ 144ms
2021-02-03 06:40:41+00:00 [access-logger] [2dd3973c-3ba3-4c2c-af32-09e677c70669] 200 /api/v1/messages/ 307ms
2021-02-03 06:40:43+00:00 [access-logger] [8770b2c1-8b71-412a-b243-1e614c338b9c] 200 /api/v1/messages/ 124ms
2021-02-03 06:40:46+00:00 [access-logger] [591a01b2-535a-458d-8e59-9c96e7cb519c] 200 /api/v1/messages/ 121ms
2021-02-03 06:40:48+00:00 [access-logger] [653236ed-1315-45ee-8464-58453bd0bdf3] 200 /api/v1/messages/ 123ms
2021-02-03 06:40:53+00:00 [access-logger] [d04dd0d8-8380-4e1c-9ddb-9c10528928fd] 200 /api/v1/messages/ 122ms
2021-02-03 06:40:58+00:00 [access-logger] [ef8e3bda-0a2c-439d-94f8-9a1c5e8ea8c5] 200 /api/v1/messages/ 278ms
2021-02-03 06:41:43+00:00 [access-logger] [668445c6-5a89-4aee-ba72-1511cf657edd] 200 /api/v1/messages/ 122ms
2021-02-03 06:48:55+00:00 [access-logger] [eab9e62d-0d73-485c-90f8-98c076876e62] 200 /api/v1/messages/ 381ms
2021-02-03 06:48:58+00:00 [access-logger] [ea911237-7123-4f3a-b55b-42ae1ed70fc1] 200 /api/v1/messages/ 198ms
2021-02-03 06:49:44+00:00 [access-logger] [302c29a3-a59f-47e2-a081-35666d199eb7] 200 /api/v1/messages/ 358ms
2021-02-03 06:49:48+00:00 [access-logger] [c88b4a26-1a63-44ea-8a87-0782fccba453] 200 /api/v1/messages/ 131ms
2021-02-03 06:49:52+00:00 [access-logger] [56a67b7b-58b0-4dde-beac-5b6a4d980783] 200 /api/v1/messages/ 124ms
2021-02-03 06:49:54+00:00 [access-logger] [24b25a21-afd7-4938-9c02-f0b837f2d9c4] 200 /api/v1/messages/ 343ms
2021-02-03 06:52:10+00:00 [access-logger] [748deb74-6ae0-42e3-98c6-facbaaf545f8] 200 /api/v1/messages/ 346ms
2021-02-03 06:52:13+00:00 [access-logger] [e999d584-ade4-4869-8f39-8aae3608e007] 200 /api/v1/messages/ 195ms
2021-02-03 06:52:46+00:00 [access-logger] [b84dfeab-992b-4f7b-9c3b-4d23e8ec9e25] 200 /api/v1/messages/ 338ms
2021-02-03 06:52:49+00:00 [access-logger] [60cd1605-9164-41a3-98af-69cf1f0a994d] 200 /api/v1/messages/ 149ms
2021-02-03 06:52:52+00:00 [access-logger] [e15db3fd-7f65-49b0-b95d-d160a87dc902] 200 /api/v1/messages/ 124ms
2021-02-03 06:53:17+00:00 [access-logger] [1e02cade-f107-4260-b1c0-1ed6fd174541] 200 /api/v1/messages/ 335ms
2021-02-03 06:53:19+00:00 [access-logger] [ef4b4bce-4183-409d-a0bc-c7027a916571] 200 /api/v1/messages/ 126ms
2021-02-03 06:53:23+00:00 [access-logger] [5397788a-a94f-4fec-87bb-b507843dbd1b] 200 /api/v1/messages/ 119ms
2021-02-03 06:55:24+00:00 [access-logger] [735a16e2-eaab-47fd-a062-b770ec60cd2d] 200 /api/v1/messages/ 348ms
2021-02-03 06:55:27+00:00 [access-logger] [1a7ce7ed-12c4-4584-a12b-4e0f866e85e8] 200 /api/v1/messages/ 208ms
2021-02-03 06:55:53+00:00 [access-logger] [f718c493-a7d0-4688-bd99-644094138cc6] 200 /api/v1/messages/ 337ms
2021-02-03 06:55:55+00:00 [access-logger] [0e652614-b789-4817-b93b-f20be64be778] 200 /api/v1/messages/ 132ms
2021-02-03 06:56:56+00:00 [access-logger] [b7eb1e20-bf0c-48b8-877d-df4acee47c26] 200 /api/v1/messages/ 283ms
2021-02-03 06:57:14+00:00 [access-logger] [6f0adbc3-2fa8-4e56-be70-306f20362dd8] 200 /api/v1/messages/ 350ms
2021-02-03 06:57:38+00:00 [access-logger] [3ac1935a-87ea-4826-b564-487c775b991e] 200 /api/v1/messages/ 320ms
2021-02-03 06:57:40+00:00 [access-logger] [253272d5-ffa1-456b-8ea7-3b7fb91ae564] 200 /api/v1/messages/ 125ms
2021-02-03 06:58:09+00:00 [access-logger] [b4803f29-8eaf-4833-ac94-85a807bb1090] 200 /api/v1/messages/ 331ms
2021-02-03 06:58:10+00:00 [access-logger] [ae2961d6-99ce-4d45-9860-53690fac808a] 200 /api/v1/messages/ 129ms
2021-02-03 06:58:22+00:00 [access-logger] [f6375c06-3e4e-48ea-b523-2c7d8fb8f003] 200 /api/v1/messages/ 196ms
2021-02-03 06:58:39+00:00 [access-logger] [0012a273-19e9-4c51-951f-b442e3e88c8a] 200 /api/v1/messages/ 186ms
2021-02-03 07:00:16+00:00 [access-logger] [7592d671-fdbe-4366-b884-98b4e386df5b] 200 /api/v1/messages/ 326ms
2021-02-03 07:00:19+00:00 [access-logger] [4eecc49e-d5fc-4113-ab90-f0f3d0a4643b] 200 /api/v1/messages/ 224ms
2021-02-03 07:00:31+00:00 [access-logger] [f09257f3-de12-45c8-91cb-a16a69c8b5e1] 200 /api/v1/messages/ 148ms
2021-02-03 07:00:32+00:00 [access-logger] [6a5b1e79-1017-428c-8d32-ec5e78342550] 200 /api/v1/messages/ 127ms
2021-02-03 07:03:53+00:00 [access-logger] [f1b6b6aa-00ca-40ec-84c2-5657613783a0] 200 /api/v1/messages/ 297ms
2021-02-03 07:03:55+00:00 [access-logger] [4ecf64ad-a019-4d74-a121-a7d4a41c899f] 200 /api/v1/messages/ 130ms
2021-02-03 07:03:58+00:00 [access-logger] [840e1046-6de8-4acd-86aa-8d4b3b6574e2] 200 /api/v1/messages/ 124ms
2021-02-03 07:04:02+00:00 [access-logger] [b00b0464-2a59-4873-9aeb-94a8beab2f6c] 200 /api/v1/messages/ 119ms
2021-02-03 07:05:06+00:00 [access-logger] [b3ace3f0-4f33-451e-b557-be15e403c221] 200 /api/v1/messages/ 291ms
2021-02-03 07:05:12+00:00 [access-logger] [c74c811c-0721-47f6-bb2d-f53fa3c9f295] 200 /api/v1/messages/ 137ms
2021-02-03 07:05:25+00:00 [access-logger] [9fcaaab0-c54e-4668-b399-b09d09e76117] 200 /api/v1/messages/ 319ms
2021-02-03 07:05:30+00:00 [access-logger] [d203f7cc-fe70-46c6-a49f-597c126f98a2] 200 /api/v1/messages/ 132ms
2021-02-03 07:05:41+00:00 [access-logger] [997d3f58-4274-4fc3-9d09-1d02ac4c8bd7] 200 /api/v1/messages/ 311ms
2021-02-03 07:07:51+00:00 [access-logger] [4f54dbad-50b7-4115-af0c-fb051196e2a3] 200 /api/v1/messages/ 1125ms
2021-02-03 07:08:04+00:00 [access-logger] [dbbcc95e-934b-4fb9-aaf8-9a899dd3f050] 200 /api/v1/messages/ 307ms
2021-02-03 07:08:10+00:00 [access-logger] [3b5517ff-0995-446d-a224-090fceec286e] 200 /api/v1/messages/ 320ms
2021-02-03 07:08:41+00:00 [access-logger] [3b289c8a-c765-4672-a535-960c6756022f] 200 /api/v1/messages/ 347ms
2021-02-03 07:08:44+00:00 [access-logger] [25b5f22a-d02a-4f17-9c83-4677aca86e76] 200 /api/v1/messages/ 143ms
2021-02-03 07:08:49+00:00 [access-logger] [1de4a9db-c93a-48db-8d27-d25c77bd48bb] 200 /api/v1/messages/ 133ms
2021-02-03 07:09:53+00:00 [access-logger] [1d27db67-0acd-4c2b-9ca6-1a1aaa80dab5] 200 /api/v1/messages/ 328ms
2021-02-03 07:09:54+00:00 [access-logger] [496e8ed9-8374-4147-9e46-0094688e4213] 200 /api/v1/messages/ 128ms
2021-02-03 07:09:58+00:00 [access-logger] [0919ec5e-a92f-4b18-9641-096fcf8dc2de] 200 /api/v1/messages/ 154ms
2021-02-03 07:11:04+00:00 [access-logger] [15cb6c09-d81d-4d8f-aa47-9eea7a0cddb2] 200 /api/v1/messages/ 361ms
2021-02-03 07:11:06+00:00 [access-logger] [21791588-6f70-4fc5-8960-7684ec255a2c] 200 /api/v1/messages/ 133ms
2021-02-03 07:11:09+00:00 [access-logger] [142b07ad-01dd-4219-959f-e6e7108584ed] 200 /api/v1/messages/ 127ms
2021-02-03 07:11:12+00:00 [access-logger] [f84f0b9d-7523-4973-8d67-53aead83d6e0] 200 /api/v1/messages/ 161ms
2021-02-03 07:11:15+00:00 [access-logger] [546a80f1-b5ba-46b7-85b9-117c27c37814] 200 /api/v1/messages/ 121ms
2021-02-03 07:11:16+00:00 [access-logger] [6ed13353-1713-4e6d-a32c-04a978aa386f] 200 /api/v1/messages/ 122ms
2021-02-03 07:11:29+00:00 [access-logger] [c3345fbc-9691-49eb-863f-56f3003264d4] 200 /api/v1/messages/ 320ms
2021-02-03 07:11:41+00:00 [access-logger] [6b1b2b0c-9451-4dbb-8896-3c6bd70322e5] 200 /api/v1/messages/ 320ms
2021-02-03 07:11:44+00:00 [access-logger] [295ca0cb-992f-42cf-af2f-b5100d296072] 200 /api/v1/messages/ 152ms
2021-02-03 07:11:46+00:00 [access-logger] [55f8b495-257c-4dd5-a14a-1859db4c7ab1] 200 /api/v1/messages/ 118ms
2021-02-03 07:11:48+00:00 [access-logger] [ed289318-2a30-4471-bca9-3fe87adc5e7e] 200 /api/v1/messages/ 127ms
2021-02-03 07:11:49+00:00 [access-logger] [38be631f-f024-4b55-b9e2-18a6331b5571] 200 /api/v1/messages/ 123ms
2021-02-03 07:11:57+00:00 [access-logger] [2ca22859-a2ea-48e7-9e36-6a9bbfff821c] 200 /api/v1/messages/ 127ms
2021-02-03 07:11:58+00:00 [access-logger] [871b3f94-bf9c-4aff-9028-37f20956bf51] 200 /api/v1/messages/ 130ms
2021-02-03 07:12:01+00:00 [access-logger] [7d5898ab-855d-4a6f-a59c-12428d92fd75] 200 /api/v1/messages/ 116ms
2021-02-03 07:12:04+00:00 [access-logger] [25541439-b1e7-4f6e-a9df-0c1fc4a4638b] 200 /api/v1/messages/ 129ms
2021-02-03 07:12:07+00:00 [access-logger] [1f82b155-7e8f-49b6-8682-33cfe87ef3f1] 200 /api/v1/messages/ 139ms
2021-02-03 07:12:10+00:00 [access-logger] [926c64f0-cd81-4131-be43-d94162dc360b] 200 /api/v1/messages/ 127ms
2021-02-03 07:12:11+00:00 [access-logger] [01d9ae0a-4659-481b-96cc-d6c8e5cc8461] 200 /api/v1/messages/ 114ms
2021-02-03 07:12:13+00:00 [access-logger] [8820dd33-0f44-49b3-91d8-9ed87843eef9] 200 /api/v1/messages/ 128ms
2021-02-03 07:12:28+00:00 [access-logger] [6e662680-6ba3-4d90-bae4-0bcf8c648050] 200 /api/v1/messages/ 295ms
2021-02-03 07:12:29+00:00 [access-logger] [ae888723-9d5c-4923-8ab8-3d356a34adbd] 200 /api/v1/messages/ 157ms
2021-02-03 07:12:31+00:00 [access-logger] [acb7ebdb-16db-4c23-8a75-9d995e7df215] 200 /api/v1/messages/ 129ms
2021-02-03 07:12:32+00:00 [access-logger] [e159e217-fda0-4853-bde8-93e48254b568] 200 /api/v1/messages/ 132ms
2021-02-03 07:12:32+00:00 [access-logger] [ac377e69-4639-4b26-80c9-b100f14e29b4] 200 /api/v1/messages/ 133ms
2021-02-03 07:12:33+00:00 [access-logger] [d7093b12-b9a2-4d5e-920d-7faecf5dd7ae] 200 /api/v1/messages/ 146ms
2021-02-03 07:12:35+00:00 [access-logger] [92332ab1-6676-4a27-b605-c64e447cb71a] 200 /api/v1/messages/ 106ms
