2021-01-31 11:49:50+00:00 [access-logger] [3d5fb7e1-d4bd-4299-8aa3-199439451561] 200 /api/v1/messages/ 1310ms
2021-01-31 11:50:13+00:00 [access-logger] [1a814f22-4f0c-4968-af77-16626f868cdf] 200 /api/v1/messages/ 843ms
2021-01-31 11:53:45+00:00 [access-logger] [4997b268-44a9-4243-ba87-bcc42ee4c061] 200 /api/v1/messages/ 887ms
2021-01-31 11:54:07+00:00 [access-logger] [ab79f53c-cd93-44d6-bcd9-d056df727092] 200 /api/v1/messages/ 861ms
2021-01-31 11:56:32+00:00 [access-logger] [a3305b93-2a7e-4e5c-bbc9-cf904c980ea7] 200 /api/v1/messages/ 1129ms
2021-01-31 11:57:25+00:00 [access-logger] [5e1e1550-3a74-4023-813b-4b879cfc55db] 200 /api/v1/messages/ 733ms
2021-01-31 11:59:48+00:00 [access-logger] [6f9b0f5e-cce9-4cc3-adc2-ed66c3007d0d] 200 /api/v1/messages/ 933ms
2021-01-31 12:02:26+00:00 [access-logger] [82f0eb86-2c00-4881-abf9-4897d948c790] 200 /api/v1/messages/ 826ms
2021-01-31 12:02:31+00:00 [access-logger] [e258d607-64e7-4c36-bfa7-94b75b070e93] 200 /api/v1/messages/ 200ms
2021-01-31 12:02:35+00:00 [access-logger] [52b67b0e-91a4-4fc7-8a92-fb31198110d4] 200 /api/v1/messages/ 193ms
2021-01-31 12:02:38+00:00 [access-logger] [4adce14a-1b16-44b7-9326-ab8c22ee1f56] 200 /api/v1/messages/ 170ms
2021-01-31 12:47:20+00:00 [access-logger] [7babe7ec-d501-4d2d-ba76-5e02c1745804] 400 /api/v1/messages/ 4ms
2021-01-31 12:47:55+00:00 [access-logger] [41af19bc-beb5-45a8-b9ea-4abb32337b40] 200 /api/v1/messages/ 831ms
2021-01-31 12:49:36+00:00 [access-logger] [9d5e1139-9c3d-4ad8-9362-532f6146ecb0] 200 /api/v1/messages/ 827ms
2021-01-31 12:49:38+00:00 [access-logger] [e3cde6a5-4953-465b-9434-45e830bdc34b] 200 /api/v1/messages/ 182ms
2021-01-31 12:50:09+00:00 [access-logger] [633c1b50-956e-42eb-a68d-47c4d725fcc7] 200 /api/v1/messages/ 1187ms
2021-01-31 12:51:02+00:00 [access-logger] [44c9cc97-321c-4146-a8a5-e0f046ec57d9] 200 /api/v1/messages/ 744ms
2021-01-31 12:51:49+00:00 [access-logger] [b4e526ee-7065-4190-b4a7-93cd685226f5] 200 /api/v1/messages/ 739ms
2021-01-31 12:52:35+00:00 [access-logger] [85ca7d6c-5622-43a8-9113-3a03c2a2eaf2] 200 /api/v1/messages/ 870ms
2021-01-31 12:52:48+00:00 [access-logger] [20ff94d9-8443-4468-b62f-382118bdbcdc] 200 /api/v1/messages/ 678ms
2021-01-31 12:53:24+00:00 [access-logger] [9515e8bd-8efc-4de1-970a-b6ed5c464e9c] 200 /api/v1/messages/ 842ms
2021-01-31 12:54:02+00:00 [access-logger] [2182877f-92f5-4a6a-bfaf-b1e9a6db35c0] 200 /api/v1/messages/ 806ms
2021-01-31 12:54:12+00:00 [access-logger] [0a5c3dc0-59dc-479c-b45e-c2caf4f85321] 200 /api/v1/messages/ 424ms
2021-01-31 12:54:52+00:00 [access-logger] [de49795f-5659-4efb-8031-87d8a55ee693] 200 /api/v1/messages/ 1144ms
2021-01-31 01:00:25+00:00 [access-logger] [9dcd8d60-2b25-4a39-8b2e-5a488b2eef36] 200 /api/v1/messages/ 913ms
2021-01-31 01:02:05+00:00 [access-logger] [2f28fa4f-845f-4a5c-a45a-680cebce3142] 200 /api/v1/messages/ 773ms
2021-01-31 01:02:50+00:00 [access-logger] [0eda2f54-5548-4077-96c2-778d7c576e22] 200 /api/v1/messages/ 700ms
2021-01-31 01:03:39+00:00 [access-logger] [8a36aef5-5d0b-47e4-b891-20a786b0b307] 200 /api/v1/messages/ 769ms
2021-01-31 01:04:07+00:00 [access-logger] [eb612abc-e3dc-4eef-bdd1-a6e57babbd29] 200 /api/v1/messages/ 787ms
2021-01-31 06:24:21+00:00 [access-logger] [dd1f0739-87b0-4434-a41c-deee3d96e853] 200 /api/v1/messages/ 886ms
2021-01-31 06:25:15+00:00 [access-logger] [6f07eb7a-b988-4724-8343-6f10236fd2b0] 200 /api/v1/messages/ 1086ms
2021-01-31 06:25:56+00:00 [access-logger] [dc772205-d264-47ff-b08c-4dd586b224c8] 200 /api/v1/messages/ 827ms
2021-01-31 06:26:46+00:00 [access-logger] [31b8c03e-f187-4d85-bb81-0f67729d1b11] 200 /api/v1/messages/ 750ms
2021-01-31 06:27:46+00:00 [access-logger] [da9317cf-3649-41fa-a5d1-dd0f9df9a62f] 200 /api/v1/messages/ 804ms
2021-01-31 06:29:03+00:00 [access-logger] [055b6dbf-4fe6-4770-aff6-5910c62d6acb] 200 /api/v1/messages/ 1005ms
2021-01-31 06:32:03+00:00 [access-logger] [b91c328f-8f29-4fd8-9b17-02da01c6f2c1] 500 /api/v1/messages/ 841ms
2021-01-31 06:33:58+00:00 [access-logger] [d909d9b8-04b6-4326-b185-a043ee1a39a0] 500 /api/v1/messages/ 794ms
2021-01-31 06:35:01+00:00 [access-logger] [972f349c-8bd9-48cf-8b18-332def1fc90f] 500 /api/v1/messages/ 616ms
2021-01-31 06:38:22+00:00 [access-logger] [ba37d393-307b-4240-a4e9-c2c6cc3ef2a2] 500 /api/v1/messages/ 761ms
2021-01-31 06:38:53+00:00 [access-logger] [8dfed075-24d3-47f3-9337-8df80ddca8c0] 200 /api/v1/messages/ 1201ms
2021-01-31 06:39:35+00:00 [access-logger] [47d066a4-ebf2-4758-936a-da42aadaa1e5] 200 /api/v1/messages/ 804ms
2021-01-31 06:40:43+00:00 [access-logger] [088ed419-52c6-465b-adb6-f6deb31ab97c] 200 /api/v1/messages/ 805ms
2021-01-31 06:41:04+00:00 [access-logger] [c1af9a46-2cb0-4e1d-8def-bb977e4de365] 200 /api/v1/messages/ 791ms
2021-01-31 06:42:07+00:00 [access-logger] [fe070863-0759-4050-b657-2f1672de3e6a] 200 /api/v1/messages/ 848ms
2021-01-31 06:42:35+00:00 [access-logger] [e086b95c-f0cd-4034-af4e-cfd5b9292781] 200 /api/v1/messages/ 892ms
2021-01-31 06:43:02+00:00 [access-logger] [00582d96-8eab-4453-830a-68a8702fcd9e] 200 /api/v1/messages/ 667ms
2021-01-31 06:44:16+00:00 [access-logger] [402d1b2b-902e-4d93-a780-164d958f8577] 200 /api/v1/messages/ 724ms
2021-01-31 06:45:02+00:00 [access-logger] [dee68989-b7a3-48c4-b958-92e3a7a75953] 200 /api/v1/messages/ 709ms
2021-01-31 06:45:25+00:00 [access-logger] [932d0b60-7fe2-4f3b-9104-b6de852b3efd] 200 /api/v1/messages/ 796ms
2021-01-31 06:45:54+00:00 [access-logger] [e5d711a5-9f2c-43e3-9610-c214897094ce] 200 /api/v1/messages/ 2132ms
2021-01-31 06:46:36+00:00 [access-logger] [22a7da27-e179-43a4-aed6-7d211b86f367] 200 /api/v1/messages/ 4291ms
2021-01-31 06:47:18+00:00 [access-logger] [8739bba6-af88-4af1-9479-8410bbb5adcc] 200 /api/v1/messages/ 1197ms
2021-01-31 06:47:24+00:00 [access-logger] [68872911-0754-4624-b05a-c72d9f8436b6] 200 /api/v1/messages/ 171ms
2021-01-31 06:47:55+00:00 [access-logger] [73ac3cb2-bd7c-4f4f-9226-e822ced96503] 200 /api/v1/messages/ 1255ms
2021-01-31 06:48:11+00:00 [access-logger] [4f2ac754-0051-47be-a544-dc190467d8d1] 200 /api/v1/messages/ 787ms
2021-01-31 06:48:29+00:00 [access-logger] [29436e2a-59e5-4138-a14f-672a898882a3] 200 /api/v1/messages/ 1378ms
2021-01-31 06:49:40+00:00 [access-logger] [d58139db-802e-405c-9b93-e4fc20449417] 200 /api/v1/messages/ 943ms
2021-01-31 06:49:55+00:00 [access-logger] [5c2e09ce-b438-4d8d-9478-bd0561c367a9] 200 /api/v1/messages/ 531ms
2021-01-31 06:50:02+00:00 [access-logger] [ec0860a6-7830-4856-9c05-531e761c8eea] 200 /api/v1/messages/ 317ms
2021-01-31 06:50:33+00:00 [access-logger] [5f03b63a-c255-4b08-b905-4b067e57e249] 200 /api/v1/messages/ 762ms
2021-01-31 06:50:55+00:00 [access-logger] [2be9a8e1-8bdd-4b38-a1c0-cfc47e468c87] 200 /api/v1/messages/ 945ms
2021-01-31 06:51:12+00:00 [access-logger] [9a233521-7453-4076-a26c-f28c26d010e2] 200 /api/v1/messages/ 327ms
2021-01-31 06:51:18+00:00 [access-logger] [6083a2b0-17b6-48b5-9e22-b406fac25f6d] 200 /api/v1/messages/ 293ms
2021-01-31 06:51:59+00:00 [access-logger] [f8ea90b9-4b9d-47fc-b9ba-11e1644f5a6b] 200 /api/v1/messages/ 794ms
2021-01-31 06:52:20+00:00 [access-logger] [bc3f3142-f5c5-4feb-b5e0-f836afdc9496] 200 /api/v1/messages/ 862ms
2021-01-31 06:53:22+00:00 [access-logger] [c09f454d-b13f-46bc-98a3-5dee41b62cff] 200 /api/v1/messages/ 898ms
2021-01-31 06:53:33+00:00 [access-logger] [6fa8c28d-848d-4b3e-8075-88fc11b3dcc2] 200 /api/v1/messages/ 746ms
2021-01-31 06:54:05+00:00 [access-logger] [df8d3052-5340-4a3e-957b-87b0fd21bb9d] 200 /api/v1/messages/ 936ms
2021-01-31 06:54:51+00:00 [access-logger] [29fcb80d-0f33-4776-b754-c927280e6a19] 200 /api/v1/messages/ 886ms
2021-01-31 06:55:12+00:00 [access-logger] [dcd51e11-1cb8-4fbf-bbe5-48cab6e0d480] 200 /api/v1/messages/ 969ms
2021-01-31 06:55:50+00:00 [access-logger] [e1463fc3-ffbc-43c1-bbf2-40ffd04abd27] 200 /api/v1/messages/ 829ms
2021-01-31 06:56:20+00:00 [access-logger] [93eab76b-5d00-40d6-b81f-a307dae65eed] 200 /api/v1/messages/ 733ms
2021-01-31 06:56:58+00:00 [access-logger] [8e2351b4-cd19-4c52-ab77-87d563bfc81b] 200 /api/v1/messages/ 820ms
2021-01-31 06:57:10+00:00 [access-logger] [b3d262ea-abcc-45d6-909c-fa49dc198d74] 200 /api/v1/messages/ 801ms
2021-01-31 07:04:39+00:00 [access-logger] [d29cee82-814e-4be3-bdef-637e9d978bf1] 200 /api/v1/messages/ 3446ms
2021-01-31 07:04:56+00:00 [access-logger] [03fb7be5-b625-4887-a6f7-d06075bbe393] 200 /api/v1/messages/ 358ms
2021-01-31 07:05:22+00:00 [access-logger] [d2142085-d036-4996-ad19-c3d20f8c5b99] 200 /api/v1/messages/ 857ms
2021-01-31 07:05:48+00:00 [access-logger] [5f208866-3bb5-4b21-82f8-3ba5980392ac] 200 /api/v1/messages/ 842ms
2021-01-31 07:06:22+00:00 [access-logger] [a7e0fa47-cad7-470c-801f-dedcedb64433] 200 /api/v1/messages/ 1636ms
2021-01-31 07:07:08+00:00 [access-logger] [4ddf7650-32eb-42a1-8e70-f1fa58f6266b] 200 /api/v1/messages/ 879ms
2021-01-31 07:07:28+00:00 [access-logger] [343963f2-fcc5-4293-8a10-868076686aa1] 200 /api/v1/messages/ 279ms
2021-01-31 07:10:32+00:00 [access-logger] [d72e901a-4685-4d95-a357-284c35097c71] 200 /api/v1/messages/ 1343ms
2021-01-31 07:11:09+00:00 [access-logger] [d21d9846-8c95-4581-958e-ff5d5adadcd3] 200 /api/v1/messages/ 1222ms
2021-01-31 07:11:39+00:00 [access-logger] [40a36279-5b10-4ad3-a3dd-4c8c71517e16] 200 /api/v1/messages/ 1224ms
2021-01-31 07:15:44+00:00 [access-logger] [f3d533bf-96b4-4d49-a016-21877794b648] 200 /api/v1/messages/ 255ms
2021-01-31 07:15:58+00:00 [access-logger] [6d95f4c5-fd49-4a40-9ac2-9b5fea7dde3a] 200 /api/v1/messages/ 1423ms
2021-01-31 07:16:09+00:00 [access-logger] [986c3241-5c3c-4317-a940-ae0a464f2977] 200 /api/v1/messages/ 1137ms
2021-01-31 07:16:31+00:00 [access-logger] [7bd9da62-48b7-4aac-8376-4746228062ac] 200 /api/v1/messages/ 326ms
2021-01-31 07:18:24+00:00 [access-logger] [9532a70a-8c68-423e-92a9-acaf75aa948c] 200 /api/v1/messages/ 269ms
2021-01-31 07:18:41+00:00 [access-logger] [130e808c-5a59-4e26-a406-374e09a2a043] 500 /api/v1/messages/ 391ms
2021-01-31 07:19:38+00:00 [access-logger] [93ca65af-92e2-4713-b9e1-0eae8e9fa6bf] 500 /api/v1/messages/ 1016ms
2021-01-31 07:20:06+00:00 [access-logger] [279d4e87-392e-44e1-bf37-23408896a1bc] 500 /api/v1/messages/ 1038ms
2021-01-31 07:20:26+00:00 [access-logger] [7112db1a-a355-4062-bfc2-4316be8ba5a8] 200 /api/v1/messages/ 779ms
2021-01-31 07:20:35+00:00 [access-logger] [4b948315-874d-4866-b96f-3f055a806247] 200 /api/v1/messages/ 328ms
2021-01-31 07:20:38+00:00 [access-logger] [47c77122-58df-46b5-8b80-7d499e9e9f03] 200 /api/v1/messages/ 304ms
2021-01-31 07:22:24+00:00 [access-logger] [aedc3d21-5390-4439-897f-04b1fe297da6] 200 /api/v1/messages/ 341ms
2021-01-31 07:22:28+00:00 [access-logger] [38539621-7660-4f19-a73f-05a114c6c58f] 200 /api/v1/messages/ 201ms
2021-01-31 07:24:04+00:00 [access-logger] [bca8ca22-e8a5-41fb-8d88-a06245f2951d] 200 /api/v1/messages/ 274ms
2021-01-31 07:24:06+00:00 [access-logger] [b1c5ba80-41a8-4a30-b308-4d013e02156e] 200 /api/v1/messages/ 176ms
2021-01-31 07:24:07+00:00 [access-logger] [7bd0ae73-1144-4ee8-a17a-a6f15b41a1fe] 200 /api/v1/messages/ 255ms
2021-01-31 07:24:09+00:00 [access-logger] [d4cb936c-8f83-46f3-a8ca-04ab5ed5085c] 200 /api/v1/messages/ 203ms
2021-01-31 07:24:10+00:00 [access-logger] [8fe41d5b-3bb2-4641-874c-cd8fadffad78] 200 /api/v1/messages/ 192ms
2021-01-31 07:24:11+00:00 [access-logger] [56339aa4-ec4d-4fed-87c7-636b6a5dccbd] 200 /api/v1/messages/ 221ms
2021-01-31 07:24:12+00:00 [access-logger] [ac425e71-f196-4b6b-97f9-4ee631899fec] 200 /api/v1/messages/ 185ms
2021-01-31 07:24:13+00:00 [access-logger] [b50a141b-ce59-45d0-9151-3b949339be19] 200 /api/v1/messages/ 264ms
2021-01-31 07:25:59+00:00 [access-logger] [fc6ff998-ac1f-4e2c-b825-e4f7da59329f] 200 /api/v1/messages/ 415ms
2021-01-31 07:26:03+00:00 [access-logger] [84fe7f1e-1ce6-4e15-8fc9-35076ca8bc1b] 200 /api/v1/messages/ 174ms
2021-01-31 07:26:06+00:00 [access-logger] [a6892a0f-08f7-46de-a153-0fd68fef1186] 200 /api/v1/messages/ 202ms
2021-01-31 07:26:09+00:00 [access-logger] [fd58910d-92b9-4d82-aa88-aa5efb73ea35] 200 /api/v1/messages/ 209ms
2021-01-31 07:27:03+00:00 [access-logger] [86248e26-5c89-4bfc-8959-4c8fad552b6b] 200 /api/v1/messages/ 360ms
2021-01-31 07:27:04+00:00 [access-logger] [82305ca2-e241-42af-8668-b22c50b53d1c] 200 /api/v1/messages/ 172ms
2021-01-31 07:27:06+00:00 [access-logger] [7f19fe58-9cc8-474e-b172-00fecbde0a77] 200 /api/v1/messages/ 212ms
2021-01-31 07:27:07+00:00 [access-logger] [6d51d158-b75f-46dc-87ed-65c46fe78709] 200 /api/v1/messages/ 183ms
2021-01-31 07:27:08+00:00 [access-logger] [be2441f1-404d-4f04-9e8d-fd67ba3bdf51] 200 /api/v1/messages/ 185ms
2021-01-31 07:27:09+00:00 [access-logger] [42b5ba64-8fb0-4365-a12f-e491430c76d5] 200 /api/v1/messages/ 197ms
2021-01-31 07:27:10+00:00 [access-logger] [aca9e3d6-9154-4b00-bd56-2543546c1d30] 200 /api/v1/messages/ 183ms
2021-01-31 07:27:11+00:00 [access-logger] [9d0bf76e-c976-4135-a972-40e4895382bb] 200 /api/v1/messages/ 198ms
2021-01-31 07:27:14+00:00 [access-logger] [a4e58c1f-60cb-4051-92c9-d194ec93e67f] 200 /api/v1/messages/ 171ms
2021-01-31 07:32:11+00:00 [access-logger] [ba82ba56-ddbc-46aa-8816-432fb09838ff] 200 /api/v1/messages/ 245ms
2021-01-31 07:36:04+00:00 [access-logger] [95fc8d2a-169e-4dab-8764-84bf35194173] 200 /api/v1/messages/ 322ms
2021-01-31 07:36:10+00:00 [access-logger] [94920fc3-2c25-4bdd-8599-ea33905b4bc4] 200 /api/v1/messages/ 201ms
2021-01-31 07:36:13+00:00 [access-logger] [f46491a2-1825-462e-bf79-b3b8b9cf930d] 200 /api/v1/messages/ 193ms
2021-01-31 07:36:16+00:00 [access-logger] [ce55f67d-4304-4156-acba-d6273206cce2] 200 /api/v1/messages/ 194ms
2021-01-31 07:38:39+00:00 [access-logger] [a0139f4d-7b6e-49ab-8a55-fa3ae36f1303] 200 /api/v1/messages/ 374ms
2021-01-31 07:38:41+00:00 [access-logger] [f3418b01-2ac0-40d2-a90e-496b5dbe882c] 200 /api/v1/messages/ 206ms
2021-01-31 07:38:44+00:00 [access-logger] [86260f91-20e1-48d5-af4f-7f28b8d08fbd] 200 /api/v1/messages/ 203ms
2021-01-31 07:38:46+00:00 [access-logger] [e09daa4b-0baa-4c0e-963c-e2fcadb1152c] 200 /api/v1/messages/ 266ms
2021-01-31 07:38:50+00:00 [access-logger] [c9e60e51-fa72-4b51-90e7-4177ef778ce3] 200 /api/v1/messages/ 219ms
2021-01-31 07:38:55+00:00 [access-logger] [d7097cb5-5e5e-4436-8366-71b8b2d48b43] 200 /api/v1/messages/ 336ms
2021-01-31 07:39:21+00:00 [access-logger] [13b351cd-9804-4f34-81a6-5db73226811b] 200 /api/v1/messages/ 214ms
2021-01-31 07:39:27+00:00 [access-logger] [9e241620-8e73-4f81-b65c-d4f23786161b] 200 /api/v1/messages/ 220ms
2021-01-31 07:40:02+00:00 [access-logger] [737c1917-558f-4386-9c35-ddb4355210b3] 200 /api/v1/messages/ 214ms
2021-01-31 07:40:04+00:00 [access-logger] [69358b93-4f4a-4a66-b223-89c3e2c9c0e8] 200 /api/v1/messages/ 201ms
2021-01-31 07:40:06+00:00 [access-logger] [6b042497-c811-4813-9944-61a9e26024d5] 200 /api/v1/messages/ 189ms
2021-01-31 07:40:08+00:00 [access-logger] [d2c5bfe3-b6c6-4ace-9517-a57af6776e1f] 200 /api/v1/messages/ 187ms
2021-01-31 07:40:11+00:00 [access-logger] [51a5b543-e1e3-4629-bc2a-77b21eb3558b] 200 /api/v1/messages/ 224ms
2021-01-31 07:40:20+00:00 [access-logger] [77396c35-e0ba-4ce1-a098-9fa0a4bb4081] 200 /api/v1/messages/ 195ms
2021-01-31 07:40:23+00:00 [access-logger] [18f21f65-5372-4565-ba90-35ccbc84a570] 200 /api/v1/messages/ 214ms
2021-01-31 07:40:25+00:00 [access-logger] [782dfda2-9e6e-47c0-b789-1a81975c5b09] 200 /api/v1/messages/ 203ms
2021-01-31 07:40:31+00:00 [access-logger] [4718f3d8-590b-4a45-908e-7e16a9eed140] 200 /api/v1/messages/ 332ms
2021-01-31 07:40:33+00:00 [access-logger] [006f7490-e2cb-4601-9d3d-65c1c4db25c7] 200 /api/v1/messages/ 194ms
2021-01-31 07:40:37+00:00 [access-logger] [91b550e4-f694-4c6b-b4ae-9cc7be3d881e] 200 /api/v1/messages/ 236ms
